#
# A fatal error has been detected by the Java Runtime Environment:
#
#  EXCEPTION_ACCESS_VIOLATION (0xc0000005) at pc=0x00007ffff05e3ff8, pid=18484, tid=24600
#
# JRE version: OpenJDK Runtime Environment 18.9 (11.0.11+9) (build 11.0.11+9)
# Java VM: OpenJDK 64-Bit Server VM 18.9 (11.0.11+9, mixed mode, tiered, compressed oops, g1 gc, windows-amd64)
# Problematic frame:
# C  0x00007ffff05e3ff8
#
# No core dump will be written. Minidumps are not enabled by default on client versions of Windows
#
# If you would like to submit a bug report, please visit:
#   https://bugreport.java.com/bugreport/crash.jsp
# The crash happened outside the Java Virtual Machine in native code.
# See problematic frame for where to report the bug.
#

---------------  S U M M A R Y ------------

Command Line: -Dsun.java2d.pmoffscreen=false -Dhttps.protocols=TLSv1,TLSv1.1,TLSv1.2 -Dsun.java2d.xrender=false -Dsun.java2d.d3d=false -Dsun.awt.nopixfmt=true -Dsun.java2d.dpiaware=true -Dsun.java2d.uiScale.enabled=false -Xverify:none -Dswing.aatext=true -XX:-UsePerfData -Djdk.map.althashing.threshold=512 -XX:StringTableSize=4072 --add-opens=java.desktop/com.sun.awt=ALL-UNNAMED --add-opens=java.desktop/javax.swing.plaf.synth=ALL-UNNAMED --add-opens=java.base/java.nio=ALL-UNNAMED --add-opens=java.desktop/sun.swing=ALL-UNNAMED --add-opens=java.desktop/javax.swing=ALL-UNNAMED --add-opens=java.desktop/javax.swing.tree=ALL-UNNAMED --add-opens=java.desktop/javax.swing.plaf.basic=ALL-UNNAMED --add-opens=java.desktop/javax.swing.plaf.synth=ALL-UNNAMED --add-opens=java.desktop/javax.swing.plaf.basic=ALL-UNNAMED --add-opens=java.desktop/javax.swing=ALL-UNNAMED --add-opens=java.desktop/javax.swing.tree=ALL-UNNAMED --add-opens=java.desktop/java.awt.event=ALL-UNNAMED --add-exports=java.desktop/javax.swing.plaf.synth=ALL-UNNAMED --add-exports=java.base/java.nio=ALL-UNNAMED --add-exports=java.desktop/sun.swing=ALL-UNNAMED --add-exports=java.desktop/javax.swing=ALL-UNNAMED --add-exports=java.desktop/javax.swing.tree=ALL-UNNAMED --add-exports=java.desktop/javax.swing.plaf.basic=ALL-UNNAMED --add-exports=java.desktop/sun.swing=ALL-UNNAMED --add-exports=java.desktop/sun.swing.table=ALL-UNNAMED --add-exports=java.desktop/sun.swing.plaf.synth=ALL-UNNAMED --add-exports=java.desktop/sun.awt.shell=ALL-UNNAMED --add-exports=java.base/sun.security.action=ALL-UNNAMED --add-exports=java.desktop/sun.font=ALL-UNNAMED -XX:NewSize=60m -XX:MaxNewSize=60m -Xms256m -Xmx3072m -Xss5m 

Host: AMD Ryzen 5 3600 6-Core Processor              , 12 cores, 31G,  Windows 10 , 64 bit Build 19041 (10.0.19041.2546)
Time: Wed Mar  1 21:04:44 2023 Pacific Standard Time elapsed time: 5027.412932 seconds (0d 1h 23m 47s)

---------------  T H R E A D  ---------------

Current thread (0x0000022c7c9d0800):  JavaThread "AWT-EventQueue-0" [_thread_in_native, id=24600, stack(0x000000c01bc00000,0x000000c01c100000)]

Stack: [0x000000c01bc00000,0x000000c01c100000],  sp=0x000000c01c0fa4a0,  free space=5097k
Native frames: (J=compiled Java code, j=interpreted, Vv=VM code, C=native code)
C  0x00007ffff05e3ff8
C  0x00007ffff08043b7
C  0x00007ffff07fdd77
C  0x00007ffff07fd857
C  0x00007ffff08079f0
C  0x00007ffff0806850
C  0x00007ffff0806cc6
C  0x00007ffff083e22f
C  0x0000022c622ef377

Java frames: (J=compiled Java code, j=interpreted, Vv=VM code)
j  ui.views.waveform.waveformi.WVExecutive_setPrefsMessage(JLjava/lang/String;)V+0
j  ui.views.waveform.executive.a.atv(Ljava/lang/String;)V+5
j  ui.views.waveform.k.kvn()V+128
j  ui.views.waveform.p.actionPerformed(Ljava/awt/event/ActionEvent;)V+4
J 20918 c1 javax.swing.JComboBox.fireActionEvent()V java.desktop@11.0.11 (156 bytes) @ 0x0000022c653c4afc [0x0000022c653c3ce0+0x0000000000000e1c]
J 18963 c1 javax.swing.JComboBox.setSelectedItem(Ljava/lang/Object;)V java.desktop@11.0.11 (148 bytes) @ 0x0000022c6507e7ec [0x0000022c6507dd00+0x0000000000000aec]
J 18962 c1 ui.utils.swing.e.d.setSelectedItem(Ljava/lang/Object;)V (42 bytes) @ 0x0000022c6507f4fc [0x0000022c6507eea0+0x000000000000065c]
j  javax.swing.JComboBox.setSelectedIndex(I)V+58 java.desktop@11.0.11
j  javax.swing.plaf.basic.BasicComboPopup$Handler.mouseReleased(Ljava/awt/event/MouseEvent;)V+97 java.desktop@11.0.11
J 17680 c1 java.awt.AWTEventMulticaster.mouseReleased(Ljava/awt/event/MouseEvent;)V java.desktop@11.0.11 (27 bytes) @ 0x0000022c64475f84 [0x0000022c64475b80+0x0000000000000404]
J 23642 c2 javax.swing.JComponent.processMouseEvent(Ljava/awt/event/MouseEvent;)V java.desktop@11.0.11 (27 bytes) @ 0x0000022c6a43c0cc [0x0000022c6a43bd20+0x00000000000003ac]
j  javax.swing.plaf.basic.BasicComboPopup$1.processMouseEvent(Ljava/awt/event/MouseEvent;)V+93 java.desktop@11.0.11
J 20417 c2 java.awt.Container.processEvent(Ljava/awt/AWTEvent;)V java.desktop@11.0.11 (22 bytes) @ 0x0000022c6b10b47c [0x0000022c6b10b220+0x000000000000025c]
J 24280 c2 java.awt.Component.dispatchEventImpl(Ljava/awt/AWTEvent;)V java.desktop@11.0.11 (777 bytes) @ 0x0000022c6ad149f0 [0x0000022c6ad141e0+0x0000000000000810]
J 15972 c2 java.awt.Container.dispatchEventImpl(Ljava/awt/AWTEvent;)V java.desktop@11.0.11 (129 bytes) @ 0x0000022c6a31e3b8 [0x0000022c6a31dca0+0x0000000000000718]
J 15817 c2 java.awt.LightweightDispatcher.retargetMouseEvent(Ljava/awt/Component;ILjava/awt/event/MouseEvent;)V java.desktop@11.0.11 (372 bytes) @ 0x0000022c6ab4bbe4 [0x0000022c6ab4b660+0x0000000000000584]
J 15832 c2 java.awt.Window.dispatchEventImpl(Ljava/awt/AWTEvent;)V java.desktop@11.0.11 (23 bytes) @ 0x0000022c6ab52e68 [0x0000022c6ab521a0+0x0000000000000cc8]
J 14474 c2 java.awt.EventQueue.dispatchEventImpl(Ljava/awt/AWTEvent;Ljava/lang/Object;)V java.desktop@11.0.11 (136 bytes) @ 0x0000022c6a107534 [0x0000022c6a106f80+0x00000000000005b4]
J 14481 c2 java.awt.EventQueue$4.run()Ljava/lang/Void; java.desktop@11.0.11 (60 bytes) @ 0x0000022c69edfa98 [0x0000022c69edfa40+0x0000000000000058]
J 13293 c2 java.awt.EventQueue$4.run()Ljava/lang/Object; java.desktop@11.0.11 (5 bytes) @ 0x0000022c6a837e54 [0x0000022c6a837e20+0x0000000000000034]
v  ~StubRoutines::call_stub
J 4234  java.security.AccessController.doPrivileged(Ljava/security/PrivilegedAction;Ljava/security/AccessControlContext;)Ljava/lang/Object; java.base@11.0.11 (0 bytes) @ 0x0000022c6a012836 [0x0000022c6a0127c0+0x0000000000000076]
J 14329 c2 java.awt.EventQueue$5.run()Ljava/lang/Object; java.desktop@11.0.11 (5 bytes) @ 0x0000022c6a1b6af4 [0x0000022c6a1b6880+0x0000000000000274]
v  ~StubRoutines::call_stub
J 4234  java.security.AccessController.doPrivileged(Ljava/security/PrivilegedAction;Ljava/security/AccessControlContext;)Ljava/lang/Object; java.base@11.0.11 (0 bytes) @ 0x0000022c6a012836 [0x0000022c6a0127c0+0x0000000000000076]
J 13176 c2 java.awt.EventQueue.dispatchEvent(Ljava/awt/AWTEvent;)V java.desktop@11.0.11 (80 bytes) @ 0x0000022c6a7eef74 [0x0000022c6a7eebc0+0x00000000000003b4]
J 13306 c2 ui.frmwork.a.d.dispatchEvent(Ljava/awt/AWTEvent;)V (42 bytes) @ 0x0000022c6a83d244 [0x0000022c6a83d080+0x00000000000001c4]
J 16502% c2 java.awt.EventDispatchThread.pumpEventsForFilter(ILjava/awt/Conditional;Ljava/awt/EventFilter;)V java.desktop@11.0.11 (47 bytes) @ 0x0000022c6abcb564 [0x0000022c6abcb200+0x0000000000000364]
j  java.awt.EventDispatchThread.pumpEventsForHierarchy(ILjava/awt/Conditional;Ljava/awt/Component;)V+11 java.desktop@11.0.11
j  java.awt.EventDispatchThread.pumpEvents(ILjava/awt/Conditional;)V+4 java.desktop@11.0.11
j  java.awt.EventDispatchThread.pumpEvents(Ljava/awt/Conditional;)V+3 java.desktop@11.0.11
j  java.awt.EventDispatchThread.run()V+9 java.desktop@11.0.11
v  ~StubRoutines::call_stub

siginfo: EXCEPTION_ACCESS_VIOLATION (0xc0000005), reading address 0x0000000000000000


Register to memory mapping:

RIP=0x00007ffff05e3ff8 points into unknown readable memory: 0x8b48f775321c3842 | 42 38 1c 32 75 f7 48 8b
RAX=0x0 is NULL
RBX=0x0 is NULL
RCX=0x000000c01c0fa540 is pointing into the stack for thread: 0x0000022c7c9d0800
RDX=0x0 is NULL
RSP=0x000000c01c0fa4a0 is pointing into the stack for thread: 0x0000022c7c9d0800
RBP=0x000000c01c0fa610 is pointing into the stack for thread: 0x0000022c7c9d0800
RSI=0x000000c01c0fa540 is pointing into the stack for thread: 0x0000022c7c9d0800
RDI=0x000000c01c0fa6e8 is pointing into the stack for thread: 0x0000022c7c9d0800
R8 =0x0 is NULL
R9 =0x000000c01c0fa570 is pointing into the stack for thread: 0x0000022c7c9d0800
R10=0x000000c01c0fa550 is pointing into the stack for thread: 0x0000022c7c9d0800
R11=0x50138226b0ef4370 is an unknown value
R12=0x00007ffff0b7f290 points into unknown readable memory: 0x0000022c16626c70 | 70 6c 62 16 2c 02 00 00
R13=0x0000022c182bfd30 points into unknown readable memory: 0x00007ff8942b8360 | 60 83 2b 94 f8 7f 00 00
R14=0x0 is NULL
R15=0x0 is NULL


Registers:
RAX=0x0000000000000000, RBX=0x0000000000000000, RCX=0x000000c01c0fa540, RDX=0x0000000000000000
RSP=0x000000c01c0fa4a0, RBP=0x000000c01c0fa610, RSI=0x000000c01c0fa540, RDI=0x000000c01c0fa6e8
R8 =0x0000000000000000, R9 =0x000000c01c0fa570, R10=0x000000c01c0fa550, R11=0x50138226b0ef4370
R12=0x00007ffff0b7f290, R13=0x0000022c182bfd30, R14=0x0000000000000000, R15=0x0000000000000000
RIP=0x00007ffff05e3ff8, EFLAGS=0x0000000000010256

Top of Stack: (sp=0x000000c01c0fa4a0)
0x000000c01c0fa4a0:   0000000000000001 000000c01c0fa548
0x000000c01c0fa4b0:   000000c01c0fa630 00007ff8db87d9bb
0x000000c01c0fa4c0:   fffffffffffffffe 000000c01c0fa4e8
0x000000c01c0fa4d0:   000000c01c0fa7b0 000000c01c0fa7b0
0x000000c01c0fa4e0:   0000022c182bf5b0 00007ffff09c7408
0x000000c01c0fa4f0:   00007ffff0b7f290 000000c01c0fa6e8
0x000000c01c0fa500:   00007ffff0b61008 00007ffff08043b7
0x000000c01c0fa510:   000000c01c0fa540 000000c01c0fa7b0
0x000000c01c0fa520:   00007fff00000000 0000022c00000000
0x000000c01c0fa530:   000000c000000002 fffffffffffffffe
0x000000c01c0fa540:   00007ffff09c7410 00007ffff09c7388
0x000000c01c0fa550:   0000000000000000 0000000000000000
0x000000c01c0fa560:   000000c01c0fa550 000000c01c0fa558
0x000000c01c0fa570:   0000000000000000 0000000000000000
0x000000c01c0fa580:   000000c01c0fa570 000000c01c0fa578
0x000000c01c0fa590:   0000000000000000 000000c01c0fa590 

Instructions: (pc=0x00007ffff05e3ff8)
0x00007ffff05e3ef8:   cc cc cc cc cc cc cc cc 89 51 18 c3 cc cc cc cc
0x00007ffff05e3f08:   cc cc cc cc cc cc cc cc 89 51 28 c3 cc cc cc cc
0x00007ffff05e3f18:   cc cc cc cc cc cc cc cc c2 00 00 cc cc cc cc cc
0x00007ffff05e3f28:   cc cc cc cc cc cc cc cc 48 89 5c 24 08 57 48 83
0x00007ffff05e3f38:   ec 20 48 8b f9 48 8b da 48 8b 49 08 e8 27 a7 30
0x00007ffff05e3f48:   00 48 c7 47 08 00 00 00 00 48 85 db 74 3b 48 c7
0x00007ffff05e3f58:   c1 ff ff ff ff 0f 1f 00 48 ff c1 80 3c 0b 00 75
0x00007ffff05e3f68:   f7 48 ff c1 e8 f7 a6 30 00 48 89 47 08 66 66 66
0x00007ffff05e3f78:   0f 1f 84 00 00 00 00 00 0f b6 0b 48 8d 5b 01 88
0x00007ffff05e3f88:   08 48 8d 40 01 84 c9 75 ef 48 8b 5c 24 30 48 83
0x00007ffff05e3f98:   c4 20 5f c3 cc cc cc cc 48 83 7a 18 10 4c 8b 42
0x00007ffff05e3fa8:   10 72 03 48 8b 12 e9 3d 17 00 00 cc cc cc cc cc
0x00007ffff05e3fb8:   cc cc cc cc cc cc cc cc 48 89 4c 24 08 56 57 41
0x00007ffff05e3fc8:   54 41 56 41 57 48 83 ec 40 48 c7 44 24 20 fe ff
0x00007ffff05e3fd8:   ff ff 48 89 5c 24 78 4c 8b fa 48 8b f1 33 db 89
0x00007ffff05e3fe8:   9c 24 80 00 00 00 49 c7 c6 ff ff ff ff 49 ff c6
0x00007ffff05e3ff8:   42 38 1c 32 75 f7 48 8b 09 48 63 41 04 48 8b 7c
0x00007ffff05e4008:   30 28 48 85 ff 7e 0a 49 3b fe 7e 05 49 2b fe eb
0x00007ffff05e4018:   02 33 ff 4c 8b e6 48 89 74 24 28 48 8b 54 30 48
0x00007ffff05e4028:   4c 8b c1 48 85 d2 74 0f 48 8b 02 48 8b ca ff 50
0x00007ffff05e4038:   08 48 8b 0e 4c 8b c1 4c 63 49 04 48 8b c1 49 8b
0x00007ffff05e4048:   d0 41 83 7c 31 10 00 75 1e 4d 8b 4c 31 50 4d 85
0x00007ffff05e4058:   c9 74 14 4c 3b ce 74 0f 49 8b c9 ff 15 af b3 3d
0x00007ffff05e4068:   00 48 8b 06 48 8b d0 48 63 48 04 8b 44 31 10 85
0x00007ffff05e4078:   c0 0f 94 44 24 30 85 c0 74 0a bb 04 00 00 00 e9
0x00007ffff05e4088:   ac 00 00 00 8b 44 31 18 25 c0 01 00 00 83 f8 40
0x00007ffff05e4098:   74 2f 66 0f 1f 44 00 00 48 85 ff 7e 21 48 8b 06
0x00007ffff05e40a8:   48 63 48 04 0f b6 54 31 58 48 8b 4c 31 48 ff 15
0x00007ffff05e40b8:   e4 b3 3d 00 83 f8 ff 74 48 48 ff cf eb da 48 8b
0x00007ffff05e40c8:   16 48 63 4a 04 4d 8b c6 49 8b d7 48 8b 4c 31 48
0x00007ffff05e40d8:   ff 15 ba b3 3d 00 49 3b c6 75 26 48 85 ff 7e 2d
0x00007ffff05e40e8:   48 8b 06 48 63 48 04 0f b6 54 31 58 48 8b 4c 31 


Stack slot to memory mapping:
stack at sp + 0 slots: 0x0000000000000001 is an unknown value
stack at sp + 1 slots: 0x000000c01c0fa548 is pointing into the stack for thread: 0x0000022c7c9d0800
stack at sp + 2 slots: 0x000000c01c0fa630 is pointing into the stack for thread: 0x0000022c7c9d0800
stack at sp + 3 slots: 0x00007ff8db87d9bb MSVCP140.dll
stack at sp + 4 slots: 0xfffffffffffffffe is an unknown value
stack at sp + 5 slots: 0x000000c01c0fa4e8 is pointing into the stack for thread: 0x0000022c7c9d0800
stack at sp + 6 slots: 0x000000c01c0fa7b0 is pointing into the stack for thread: 0x0000022c7c9d0800
stack at sp + 7 slots: 0x000000c01c0fa7b0 is pointing into the stack for thread: 0x0000022c7c9d0800


---------------  P R O C E S S  ---------------

Threads class SMR info:
_java_thread_list=0x0000022c03772540, length=34, elements={
0x0000022c597f7000, 0x0000022c59b1d000, 0x0000022c59b21000, 0x0000022c59b37800,
0x0000022c59b38800, 0x0000022c59b3b800, 0x0000022c59b3f000, 0x0000022c59b44800,
0x0000022c59b4b800, 0x0000022c56def000, 0x0000022c57586800, 0x0000022c575ac000,
0x0000022c7bab4800, 0x0000022c57587000, 0x0000022c7c9d0800, 0x0000022c7bf8d000,
0x0000022c7c570800, 0x0000022c59b46000, 0x0000022c59b47800, 0x0000022c59b45000,
0x0000022c017f2000, 0x0000022c017ed800, 0x0000022c017f1800, 0x0000022c017ef000,
0x0000022c017ee000, 0x0000022c017f5800, 0x0000022c017ef800, 0x0000022c017f7000,
0x0000022c017f8000, 0x0000022c017fa800, 0x0000022c017f0800, 0x0000022c017fc000,
0x0000022c017fb000, 0x0000022c59b43800
}

Java Threads: ( => current thread )
  0x0000022c597f7000 JavaThread "main" [_thread_blocked, id=41612, stack(0x000000c018a00000,0x000000c018b00000)]
  0x0000022c59b1d000 JavaThread "Reference Handler" daemon [_thread_blocked, id=36696, stack(0x000000c019100000,0x000000c019600000)]
  0x0000022c59b21000 JavaThread "Finalizer" daemon [_thread_blocked, id=44516, stack(0x000000c019600000,0x000000c019b00000)]
  0x0000022c59b37800 JavaThread "Signal Dispatcher" daemon [_thread_blocked, id=29352, stack(0x000000c019b00000,0x000000c01a000000)]
  0x0000022c59b38800 JavaThread "Attach Listener" daemon [_thread_blocked, id=36792, stack(0x000000c01a000000,0x000000c01a500000)]
  0x0000022c59b3b800 JavaThread "Service Thread" daemon [_thread_blocked, id=44704, stack(0x000000c01a500000,0x000000c01aa00000)]
  0x0000022c59b3f000 JavaThread "C2 CompilerThread0" daemon [_thread_blocked, id=49044, stack(0x000000c01aa00000,0x000000c01ab00000)]
  0x0000022c59b44800 JavaThread "C1 CompilerThread0" daemon [_thread_blocked, id=17588, stack(0x000000c01ab00000,0x000000c01ac00000)]
  0x0000022c59b4b800 JavaThread "Sweeper thread" daemon [_thread_blocked, id=46836, stack(0x000000c01ac00000,0x000000c01b100000)]
  0x0000022c56def000 JavaThread "Common-Cleaner" daemon [_thread_blocked, id=12728, stack(0x000000c01b100000,0x000000c01b600000)]
  0x0000022c57586800 JavaThread "Java2D Disposer" daemon [_thread_blocked, id=40168, stack(0x000000c01b700000,0x000000c01bc00000)]
  0x0000022c575ac000 JavaThread "AWT-Windows" daemon [_thread_in_native, id=26508, stack(0x000000c01c100000,0x000000c01c600000)]
  0x0000022c7bab4800 JavaThread "TimerQueue" daemon [_thread_blocked, id=12972, stack(0x000000c01ce00000,0x000000c01d300000)]
  0x0000022c57587000 JavaThread "AWT-Shutdown" [_thread_blocked, id=30024, stack(0x000000c01da00000,0x000000c01df00000)]
=>0x0000022c7c9d0800 JavaThread "AWT-EventQueue-0" [_thread_in_native, id=24600, stack(0x000000c01bc00000,0x000000c01c100000)]
  0x0000022c7bf8d000 JavaThread "Thread-1" [_thread_in_native, id=43352, stack(0x000000c017400000,0x000000c018800000)]
  0x0000022c7c570800 JavaThread "Process Messages Thread" [_thread_blocked, id=15116, stack(0x000000c01e400000,0x000000c01e900000)]
  0x0000022c59b46000 JavaThread "Batik CleanerThread" daemon [_thread_blocked, id=48776, stack(0x000000c01df00000,0x000000c01e400000)]
  0x0000022c59b47800 JavaThread "SyntheticaCleanerThread" daemon [_thread_blocked, id=27944, stack(0x000000c01f200000,0x000000c01f700000)]
  0x0000022c59b45000 JavaThread "Monitor HEventQueue Thread" [_thread_blocked, id=6692, stack(0x000000c01ff00000,0x000000c020400000)]
  0x0000022c017f2000 JavaThread "SyntheticaAnimation 50" daemon [_thread_blocked, id=44532, stack(0x000000c020500000,0x000000c020a00000)]
  0x0000022c017ed800 JavaThread "SyntheticaAnimation 25" daemon [_thread_blocked, id=38584, stack(0x000000c020a00000,0x000000c020f00000)]
  0x0000022c017f1800 JavaThread "SyntheticaAnimation 70" daemon [_thread_blocked, id=18844, stack(0x000000c021400000,0x000000c021900000)]
  0x0000022c017ef000 JavaThread "Refresh Filesets Swing Worker Thread" [_thread_blocked, id=14212, stack(0x000000c01ed00000,0x000000c01f200000)]
  0x0000022c017ee000 JavaThread "hw_ila_monitor" [_thread_blocked, id=9036, stack(0x000000c01f700000,0x000000c01fc00000)]
  0x0000022c017f5800 JavaThread "Image Animator 3" daemon [_thread_blocked, id=38940, stack(0x000000c021900000,0x000000c021e00000)]
  0x0000022c017ef800 JavaThread "pool-2-thread-1" [_thread_blocked, id=35952, stack(0x000000c022300000,0x000000c022800000)]
  0x0000022c017f7000 JavaThread "pool-3-thread-1" [_thread_blocked, id=47840, stack(0x000000c022800000,0x000000c022d00000)]
  0x0000022c017f8000 JavaThread "pool-4-thread-1" [_thread_blocked, id=36088, stack(0x000000c022d00000,0x000000c023200000)]
  0x0000022c017fa800 JavaThread "Update Runs Swing Worker Thread" [_thread_blocked, id=20640, stack(0x000000c023700000,0x000000c023c00000)]
  0x0000022c017f0800 JavaThread "Timer-0" [_thread_blocked, id=48292, stack(0x000000c01d300000,0x000000c01d800000)]
  0x0000022c017fc000 JavaThread "Monitor File Timestamp Swing Worker Thread" [_thread_blocked, id=48216, stack(0x000000c023200000,0x000000c023700000)]
  0x0000022c017fb000 JavaThread "SyntheticaAnimation 50" daemon [_thread_blocked, id=48596, stack(0x000000c023c00000,0x000000c024100000)]
  0x0000022c59b43800 JavaThread "Swing-Shell" daemon [_thread_blocked, id=26884, stack(0x000000c020f00000,0x000000c021400000)]

Other Threads:
  0x0000022c59ad7800 VMThread "VM Thread" [stack: 0x000000c019000000,0x000000c019100000] [id=39084]
  0x0000022c56df5000 WatcherThread [stack: 0x000000c01b600000,0x000000c01b700000] [id=44408]
  0x0000022c59809800 GCTaskThread "GC Thread#0" [stack: 0x000000c018b00000,0x000000c018c00000] [id=17540]
  0x0000022c7b34a800 GCTaskThread "GC Thread#1" [stack: 0x000000c01c800000,0x000000c01c900000] [id=11324]
  0x0000022c7b134000 GCTaskThread "GC Thread#2" [stack: 0x000000c01c900000,0x000000c01ca00000] [id=45392]
  0x0000022c57c01800 GCTaskThread "GC Thread#3" [stack: 0x000000c01ca00000,0x000000c01cb00000] [id=23284]
  0x0000022c57be7800 GCTaskThread "GC Thread#4" [stack: 0x000000c01cb00000,0x000000c01cc00000] [id=45128]
  0x0000022c57571000 GCTaskThread "GC Thread#5" [stack: 0x000000c01cc00000,0x000000c01cd00000] [id=35036]
  0x0000022c7bbd1800 GCTaskThread "GC Thread#6" [stack: 0x000000c01e900000,0x000000c01ea00000] [id=24284]
  0x0000022c7b928800 GCTaskThread "GC Thread#7" [stack: 0x000000c01ea00000,0x000000c01eb00000] [id=18136]
  0x0000022c7bd35800 GCTaskThread "GC Thread#8" [stack: 0x000000c01eb00000,0x000000c01ec00000] [id=35260]
  0x0000022c7b8fd800 GCTaskThread "GC Thread#9" [stack: 0x000000c01ec00000,0x000000c01ed00000] [id=6868]
  0x0000022c59869800 ConcurrentGCThread "G1 Main Marker" [stack: 0x000000c018c00000,0x000000c018d00000] [id=44092]
  0x0000022c59871800 ConcurrentGCThread "G1 Conc#0" [stack: 0x000000c018d00000,0x000000c018e00000] [id=44900]
  0x0000022c7cb1e800 ConcurrentGCThread "G1 Conc#1" [stack: 0x000000c01d800000,0x000000c01d900000] [id=8660]
  0x0000022c7c25a800 ConcurrentGCThread "G1 Conc#2" [stack: 0x000000c01d900000,0x000000c01da00000] [id=36348]
  0x0000022c5998f000 ConcurrentGCThread "G1 Refine#0" [stack: 0x000000c018e00000,0x000000c018f00000] [id=2944]
  0x0000022c7adb7800 ConcurrentGCThread "G1 Refine#1" [stack: 0x000000c01cd00000,0x000000c01ce00000] [id=13168]
  0x0000022c041d8800 ConcurrentGCThread "G1 Refine#2" [stack: 0x000000c020400000,0x000000c020500000] [id=48400]
  0x0000022c59990000 ConcurrentGCThread "G1 Young RemSet Sampling" [stack: 0x000000c018f00000,0x000000c019000000] [id=48760]

Threads with active compile tasks:

VM state:not at safepoint (normal execution)

VM Mutex/Monitor currently owned by a thread: None

Heap address: 0x0000000740000000, size: 3072 MB, Compressed Oops mode: Zero based, Oop shift amount: 3
Narrow klass base: 0x0000000800000000, Narrow klass shift: 0
Compressed class space size: 1073741824 Address: 0x0000000800000000

Heap:
 garbage-first heap   total 262144K, used 126256K [0x0000000740000000, 0x0000000800000000)
  region size 1024K, 25 young (25600K), 1 survivors (1024K)
 Metaspace       used 96876K, capacity 98743K, committed 101288K, reserved 1136640K
  class space    used 12378K, capacity 13166K, committed 14040K, reserved 1048576K
Heap Regions: E=young(eden), S=young(survivor), O=old, HS=humongous(starts), HC=humongous(continues), CS=collection set, F=free, A=archive, TAMS=top-at-mark-start (previous, next)
|   0|0x0000000740000000, 0x0000000740100000, 0x0000000740100000|100%|HS|  |TAMS 0x0000000740000000, 0x0000000740000000| Untracked 
|   1|0x0000000740100000, 0x0000000740200000, 0x0000000740200000|100%|HC|  |TAMS 0x0000000740100000, 0x0000000740100000| Untracked 
|   2|0x0000000740200000, 0x0000000740300000, 0x0000000740300000|100%|HS|  |TAMS 0x0000000740200000, 0x0000000740200000| Untracked 
|   3|0x0000000740300000, 0x00000007403ffff8, 0x0000000740400000| 99%| O|  |TAMS 0x0000000740300000, 0x0000000740300000| Untracked 
|   4|0x0000000740400000, 0x0000000740500000, 0x0000000740500000|100%| O|  |TAMS 0x0000000740400000, 0x0000000740400000| Untracked 
|   5|0x0000000740500000, 0x00000007405fffb8, 0x0000000740600000| 99%| O|  |TAMS 0x0000000740500000, 0x0000000740500000| Untracked 
|   6|0x0000000740600000, 0x00000007406fffe8, 0x0000000740700000| 99%| O|  |TAMS 0x0000000740600000, 0x0000000740600000| Untracked 
|   7|0x0000000740700000, 0x00000007407ff798, 0x0000000740800000| 99%| O|  |TAMS 0x0000000740700000, 0x0000000740700000| Untracked 
|   8|0x0000000740800000, 0x00000007408fffb8, 0x0000000740900000| 99%| O|  |TAMS 0x0000000740800000, 0x0000000740800000| Untracked 
|   9|0x0000000740900000, 0x0000000740a00000, 0x0000000740a00000|100%| O|  |TAMS 0x0000000740900000, 0x0000000740900000| Untracked 
|  10|0x0000000740a00000, 0x0000000740afffd8, 0x0000000740b00000| 99%| O|  |TAMS 0x0000000740a00000, 0x0000000740a00000| Untracked 
|  11|0x0000000740b00000, 0x0000000740bff6c0, 0x0000000740c00000| 99%| O|  |TAMS 0x0000000740b00000, 0x0000000740b00000| Untracked 
|  12|0x0000000740c00000, 0x0000000740cff5f0, 0x0000000740d00000| 99%| O|  |TAMS 0x0000000740c00000, 0x0000000740c00000| Untracked 
|  13|0x0000000740d00000, 0x0000000740df6308, 0x0000000740e00000| 96%| O|  |TAMS 0x0000000740d00000, 0x0000000740d00000| Untracked 
|  14|0x0000000740e00000, 0x0000000740f00000, 0x0000000740f00000|100%| O|  |TAMS 0x0000000740e00000, 0x0000000740e00000| Untracked 
|  15|0x0000000740f00000, 0x0000000741000000, 0x0000000741000000|100%| O|  |TAMS 0x0000000740f00000, 0x0000000740f00000| Untracked 
|  16|0x0000000741000000, 0x00000007410fffe0, 0x0000000741100000| 99%| O|  |TAMS 0x0000000741000000, 0x0000000741000000| Untracked 
|  17|0x0000000741100000, 0x0000000741200000, 0x0000000741200000|100%| O|  |TAMS 0x0000000741100000, 0x0000000741100000| Untracked 
|  18|0x0000000741200000, 0x00000007412fffd0, 0x0000000741300000| 99%| O|  |TAMS 0x0000000741200000, 0x0000000741200000| Untracked 
|  19|0x0000000741300000, 0x00000007413fffc8, 0x0000000741400000| 99%| O|  |TAMS 0x0000000741300000, 0x0000000741300000| Untracked 
|  20|0x0000000741400000, 0x00000007414ffff8, 0x0000000741500000| 99%| O|  |TAMS 0x0000000741400000, 0x0000000741400000| Untracked 
|  21|0x0000000741500000, 0x00000007415fffe8, 0x0000000741600000| 99%| O|  |TAMS 0x0000000741500000, 0x0000000741500000| Untracked 
|  22|0x0000000741600000, 0x00000007416fffe0, 0x0000000741700000| 99%| O|  |TAMS 0x0000000741600000, 0x0000000741600000| Untracked 
|  23|0x0000000741700000, 0x00000007417ffff8, 0x0000000741800000| 99%| O|  |TAMS 0x0000000741700000, 0x0000000741700000| Untracked 
|  24|0x0000000741800000, 0x00000007418fffc8, 0x0000000741900000| 99%| O|  |TAMS 0x0000000741800000, 0x0000000741800000| Untracked 
|  25|0x0000000741900000, 0x0000000741a00000, 0x0000000741a00000|100%| O|  |TAMS 0x0000000741900000, 0x0000000741900000| Untracked 
|  26|0x0000000741a00000, 0x0000000741afffe8, 0x0000000741b00000| 99%| O|  |TAMS 0x0000000741a00000, 0x0000000741a00000| Untracked 
|  27|0x0000000741b00000, 0x0000000741bfffe8, 0x0000000741c00000| 99%| O|  |TAMS 0x0000000741b00000, 0x0000000741b00000| Untracked 
|  28|0x0000000741c00000, 0x0000000741d00000, 0x0000000741d00000|100%| O|  |TAMS 0x0000000741c00000, 0x0000000741c00000| Untracked 
|  29|0x0000000741d00000, 0x0000000741dffff0, 0x0000000741e00000| 99%| O|  |TAMS 0x0000000741d00000, 0x0000000741d00000| Untracked 
|  30|0x0000000741e00000, 0x0000000741effff0, 0x0000000741f00000| 99%| O|  |TAMS 0x0000000741e00000, 0x0000000741e00000| Untracked 
|  31|0x0000000741f00000, 0x0000000741ffffb8, 0x0000000742000000| 99%| O|  |TAMS 0x0000000741f00000, 0x0000000741f00000| Untracked 
|  32|0x0000000742000000, 0x00000007420ffff0, 0x0000000742100000| 99%| O|  |TAMS 0x0000000742000000, 0x0000000742000000| Untracked 
|  33|0x0000000742100000, 0x00000007421ffff8, 0x0000000742200000| 99%| O|  |TAMS 0x0000000742100000, 0x0000000742100000| Untracked 
|  34|0x0000000742200000, 0x00000007422ffff8, 0x0000000742300000| 99%| O|  |TAMS 0x0000000742200000, 0x0000000742200000| Untracked 
|  35|0x0000000742300000, 0x00000007423ffef8, 0x0000000742400000| 99%| O|  |TAMS 0x0000000742300000, 0x0000000742300000| Untracked 
|  36|0x0000000742400000, 0x00000007424ffe60, 0x0000000742500000| 99%| O|  |TAMS 0x0000000742400000, 0x0000000742400000| Untracked 
|  37|0x0000000742500000, 0x00000007425ffd50, 0x0000000742600000| 99%| O|  |TAMS 0x0000000742500000, 0x0000000742500000| Untracked 
|  38|0x0000000742600000, 0x00000007426fffe8, 0x0000000742700000| 99%| O|  |TAMS 0x0000000742600000, 0x0000000742600000| Untracked 
|  39|0x0000000742700000, 0x00000007427ffee8, 0x0000000742800000| 99%| O|  |TAMS 0x0000000742700000, 0x0000000742700000| Untracked 
|  40|0x0000000742800000, 0x00000007428fffc0, 0x0000000742900000| 99%| O|  |TAMS 0x0000000742800000, 0x0000000742800000| Untracked 
|  41|0x0000000742900000, 0x00000007429fffc8, 0x0000000742a00000| 99%| O|  |TAMS 0x0000000742900000, 0x0000000742900000| Untracked 
|  42|0x0000000742a00000, 0x0000000742b00000, 0x0000000742b00000|100%| O|  |TAMS 0x0000000742a00000, 0x0000000742a00000| Untracked 
|  43|0x0000000742b00000, 0x0000000742c00000, 0x0000000742c00000|100%| O|  |TAMS 0x0000000742b00000, 0x0000000742b00000| Untracked 
|  44|0x0000000742c00000, 0x0000000742cffef8, 0x0000000742d00000| 99%| O|  |TAMS 0x0000000742c00000, 0x0000000742c00000| Untracked 
|  45|0x0000000742d00000, 0x0000000742e00000, 0x0000000742e00000|100%|HS|  |TAMS 0x0000000742d00000, 0x0000000742d00000| Untracked 
|  46|0x0000000742e00000, 0x0000000742f00000, 0x0000000742f00000|100%|HC|  |TAMS 0x0000000742e00000, 0x0000000742e00000| Untracked 
|  47|0x0000000742f00000, 0x0000000743000000, 0x0000000743000000|100%|HC|  |TAMS 0x0000000742f00000, 0x0000000742f00000| Untracked 
|  48|0x0000000743000000, 0x0000000743100000, 0x0000000743100000|100%|HC|  |TAMS 0x0000000743000000, 0x0000000743000000| Untracked 
|  49|0x0000000743100000, 0x0000000743200000, 0x0000000743200000|100%|HC|  |TAMS 0x0000000743100000, 0x0000000743100000| Untracked 
|  50|0x0000000743200000, 0x0000000743300000, 0x0000000743300000|100%|HC|  |TAMS 0x0000000743200000, 0x0000000743200000| Untracked 
|  51|0x0000000743300000, 0x0000000743400000, 0x0000000743400000|100%|HC|  |TAMS 0x0000000743300000, 0x0000000743300000| Untracked 
|  52|0x0000000743400000, 0x0000000743500000, 0x0000000743500000|100%|HC|  |TAMS 0x0000000743400000, 0x0000000743400000| Untracked 
|  53|0x0000000743500000, 0x0000000743600000, 0x0000000743600000|100%|HC|  |TAMS 0x0000000743500000, 0x0000000743500000| Untracked 
|  54|0x0000000743600000, 0x0000000743700000, 0x0000000743700000|100%|HC|  |TAMS 0x0000000743600000, 0x0000000743600000| Untracked 
|  55|0x0000000743700000, 0x0000000743800000, 0x0000000743800000|100%|HC|  |TAMS 0x0000000743700000, 0x0000000743700000| Untracked 
|  56|0x0000000743800000, 0x0000000743900000, 0x0000000743900000|100%|HC|  |TAMS 0x0000000743800000, 0x0000000743800000| Untracked 
|  57|0x0000000743900000, 0x0000000743a00000, 0x0000000743a00000|100%|HC|  |TAMS 0x0000000743900000, 0x0000000743900000| Untracked 
|  58|0x0000000743a00000, 0x0000000743b00000, 0x0000000743b00000|100%|HC|  |TAMS 0x0000000743a00000, 0x0000000743a00000| Untracked 
|  59|0x0000000743b00000, 0x0000000743bfff50, 0x0000000743c00000| 99%| O|  |TAMS 0x0000000743b00000, 0x0000000743b00000| Untracked 
|  60|0x0000000743c00000, 0x0000000743d00000, 0x0000000743d00000|100%| O|  |TAMS 0x0000000743c00000, 0x0000000743c00000| Untracked 
|  61|0x0000000743d00000, 0x0000000743dffff0, 0x0000000743e00000| 99%| O|  |TAMS 0x0000000743d00000, 0x0000000743d00000| Untracked 
|  62|0x0000000743e00000, 0x0000000743efffe0, 0x0000000743f00000| 99%| O|  |TAMS 0x0000000743e00000, 0x0000000743e00000| Untracked 
|  63|0x0000000743f00000, 0x0000000743fffff8, 0x0000000744000000| 99%| O|  |TAMS 0x0000000743f00000, 0x0000000743f00000| Untracked 
|  64|0x0000000744000000, 0x00000007440ffff0, 0x0000000744100000| 99%| O|  |TAMS 0x0000000744000000, 0x0000000744000000| Untracked 
|  65|0x0000000744100000, 0x00000007441fffe0, 0x0000000744200000| 99%| O|  |TAMS 0x0000000744100000, 0x0000000744100000| Untracked 
|  66|0x0000000744200000, 0x00000007442ffea0, 0x0000000744300000| 99%| O|  |TAMS 0x0000000744200000, 0x0000000744200000| Untracked 
|  67|0x0000000744300000, 0x0000000744400000, 0x0000000744400000|100%| O|  |TAMS 0x0000000744300000, 0x0000000744300000| Untracked 
|  68|0x0000000744400000, 0x00000007444ffff8, 0x0000000744500000| 99%| O|  |TAMS 0x0000000744400000, 0x0000000744400000| Untracked 
|  69|0x0000000744500000, 0x00000007445fffd8, 0x0000000744600000| 99%| O|  |TAMS 0x0000000744500000, 0x0000000744500000| Untracked 
|  70|0x0000000744600000, 0x00000007446ffff0, 0x0000000744700000| 99%| O|  |TAMS 0x0000000744600000, 0x0000000744600000| Untracked 
|  71|0x0000000744700000, 0x00000007447ffff8, 0x0000000744800000| 99%| O|  |TAMS 0x0000000744700000, 0x0000000744700000| Untracked 
|  72|0x0000000744800000, 0x00000007448fffe8, 0x0000000744900000| 99%| O|  |TAMS 0x0000000744800000, 0x0000000744800000| Untracked 
|  73|0x0000000744900000, 0x00000007449fffe0, 0x0000000744a00000| 99%| O|  |TAMS 0x0000000744900000, 0x0000000744900000| Untracked 
|  74|0x0000000744a00000, 0x0000000744b00000, 0x0000000744b00000|100%| O|  |TAMS 0x0000000744a00000, 0x0000000744a00000| Untracked 
|  75|0x0000000744b00000, 0x0000000744bf84a0, 0x0000000744c00000| 96%| O|  |TAMS 0x0000000744b00000, 0x0000000744b00000| Untracked 
|  76|0x0000000744c00000, 0x0000000744d00000, 0x0000000744d00000|100%| O|  |TAMS 0x0000000744c00000, 0x0000000744c00000| Untracked 
|  77|0x0000000744d00000, 0x0000000744dfff60, 0x0000000744e00000| 99%| O|  |TAMS 0x0000000744d00000, 0x0000000744d00000| Untracked 
|  78|0x0000000744e00000, 0x0000000744f00000, 0x0000000744f00000|100%| O|  |TAMS 0x0000000744e00000, 0x0000000744e00000| Untracked 
|  79|0x0000000744f00000, 0x0000000745000000, 0x0000000745000000|100%| O|  |TAMS 0x0000000744f00000, 0x0000000744f00000| Untracked 
|  80|0x0000000745000000, 0x00000007450fff98, 0x0000000745100000| 99%| O|  |TAMS 0x0000000745000000, 0x0000000745000000| Untracked 
|  81|0x0000000745100000, 0x00000007451feda0, 0x0000000745200000| 99%| O|  |TAMS 0x0000000745100000, 0x0000000745100000| Untracked 
|  82|0x0000000745200000, 0x00000007452fcda8, 0x0000000745300000| 98%| O|  |TAMS 0x0000000745200000, 0x0000000745200000| Untracked 
|  83|0x0000000745300000, 0x0000000745300000, 0x0000000745400000|  0%| F|  |TAMS 0x0000000745300000, 0x0000000745300000| Untracked 
|  84|0x0000000745400000, 0x0000000745500000, 0x0000000745500000|100%| O|  |TAMS 0x0000000745400000, 0x0000000745400000| Untracked 
|  85|0x0000000745500000, 0x00000007455ffd58, 0x0000000745600000| 99%| O|  |TAMS 0x0000000745500000, 0x0000000745500000| Untracked 
|  86|0x0000000745600000, 0x00000007456f5c70, 0x0000000745700000| 96%| O|  |TAMS 0x0000000745600000, 0x0000000745600000| Untracked 
|  87|0x0000000745700000, 0x0000000745731cd8, 0x0000000745800000| 19%| O|  |TAMS 0x0000000745700000, 0x0000000745700000| Untracked 
|  88|0x0000000745800000, 0x00000007458ffff0, 0x0000000745900000| 99%| O|  |TAMS 0x0000000745800000, 0x0000000745800000| Untracked 
|  89|0x0000000745900000, 0x00000007459120a0, 0x0000000745a00000|  7%| O|  |TAMS 0x0000000745900000, 0x0000000745900000| Untracked 
|  90|0x0000000745a00000, 0x0000000745a760d8, 0x0000000745b00000| 46%| O|  |TAMS 0x0000000745a00000, 0x0000000745a00000| Untracked 
|  91|0x0000000745b00000, 0x0000000745b65e88, 0x0000000745c00000| 39%| O|  |TAMS 0x0000000745b00000, 0x0000000745b00000| Untracked 
|  92|0x0000000745c00000, 0x0000000745d00000, 0x0000000745d00000|100%|HS|  |TAMS 0x0000000745c00000, 0x0000000745c00000| Untracked 
|  93|0x0000000745d00000, 0x0000000745e00000, 0x0000000745e00000|100%|HC|  |TAMS 0x0000000745d00000, 0x0000000745d00000| Untracked 
|  94|0x0000000745e00000, 0x0000000745f00000, 0x0000000745f00000|100%|HC|  |TAMS 0x0000000745e00000, 0x0000000745e00000| Untracked 
|  95|0x0000000745f00000, 0x0000000746000000, 0x0000000746000000|100%|HC|  |TAMS 0x0000000745f00000, 0x0000000745f00000| Untracked 
|  96|0x0000000746000000, 0x000000074601c2b0, 0x0000000746100000| 11%| O|  |TAMS 0x0000000746000000, 0x0000000746000000| Untracked 
|  97|0x0000000746100000, 0x0000000746200000, 0x0000000746200000|100%|HS|  |TAMS 0x0000000746100000, 0x0000000746100000| Complete 
|  98|0x0000000746200000, 0x0000000746300000, 0x0000000746300000|100%|HC|  |TAMS 0x0000000746200000, 0x0000000746200000| Complete 
|  99|0x0000000746300000, 0x0000000746400000, 0x0000000746400000|100%|HC|  |TAMS 0x0000000746300000, 0x0000000746300000| Complete 
| 100|0x0000000746400000, 0x0000000746500000, 0x0000000746500000|100%|HC|  |TAMS 0x0000000746400000, 0x0000000746400000| Complete 
| 101|0x0000000746500000, 0x0000000746600000, 0x0000000746600000|100%|HC|  |TAMS 0x0000000746500000, 0x0000000746500000| Complete 
| 102|0x0000000746600000, 0x0000000746700000, 0x0000000746700000|100%|HS|  |TAMS 0x0000000746600000, 0x0000000746600000| Complete 
| 103|0x0000000746700000, 0x0000000746800000, 0x0000000746800000|100%|HC|  |TAMS 0x0000000746700000, 0x0000000746700000| Complete 
| 104|0x0000000746800000, 0x0000000746900000, 0x0000000746900000|100%|HC|  |TAMS 0x0000000746800000, 0x0000000746800000| Complete 
| 105|0x0000000746900000, 0x0000000746900000, 0x0000000746a00000|  0%| F|  |TAMS 0x0000000746900000, 0x0000000746900000| Untracked 
| 106|0x0000000746a00000, 0x0000000746a00000, 0x0000000746b00000|  0%| F|  |TAMS 0x0000000746a00000, 0x0000000746a00000| Untracked 
| 107|0x0000000746b00000, 0x0000000746b00000, 0x0000000746c00000|  0%| F|  |TAMS 0x0000000746b00000, 0x0000000746b00000| Untracked 
| 108|0x0000000746c00000, 0x0000000746c00000, 0x0000000746d00000|  0%| F|  |TAMS 0x0000000746c00000, 0x0000000746c00000| Untracked 
| 109|0x0000000746d00000, 0x0000000746d00000, 0x0000000746e00000|  0%| F|  |TAMS 0x0000000746d00000, 0x0000000746d00000| Untracked 
| 110|0x0000000746e00000, 0x0000000746e00000, 0x0000000746f00000|  0%| F|  |TAMS 0x0000000746e00000, 0x0000000746e00000| Untracked 
| 111|0x0000000746f00000, 0x0000000746f00000, 0x0000000747000000|  0%| F|  |TAMS 0x0000000746f00000, 0x0000000746f00000| Untracked 
| 112|0x0000000747000000, 0x0000000747000000, 0x0000000747100000|  0%| F|  |TAMS 0x0000000747000000, 0x0000000747000000| Untracked 
| 113|0x0000000747100000, 0x0000000747100000, 0x0000000747200000|  0%| F|  |TAMS 0x0000000747100000, 0x0000000747100000| Untracked 
| 114|0x0000000747200000, 0x0000000747200000, 0x0000000747300000|  0%| F|  |TAMS 0x0000000747200000, 0x0000000747200000| Untracked 
| 115|0x0000000747300000, 0x0000000747300000, 0x0000000747400000|  0%| F|  |TAMS 0x0000000747300000, 0x0000000747300000| Untracked 
| 116|0x0000000747400000, 0x0000000747400000, 0x0000000747500000|  0%| F|  |TAMS 0x0000000747400000, 0x0000000747400000| Untracked 
| 117|0x0000000747500000, 0x0000000747500000, 0x0000000747600000|  0%| F|  |TAMS 0x0000000747500000, 0x0000000747500000| Untracked 
| 118|0x0000000747600000, 0x0000000747600000, 0x0000000747700000|  0%| F|  |TAMS 0x0000000747600000, 0x0000000747600000| Untracked 
| 119|0x0000000747700000, 0x0000000747700000, 0x0000000747800000|  0%| F|  |TAMS 0x0000000747700000, 0x0000000747700000| Untracked 
| 120|0x0000000747800000, 0x0000000747800000, 0x0000000747900000|  0%| F|  |TAMS 0x0000000747800000, 0x0000000747800000| Untracked 
| 121|0x0000000747900000, 0x0000000747900000, 0x0000000747a00000|  0%| F|  |TAMS 0x0000000747900000, 0x0000000747900000| Untracked 
| 122|0x0000000747a00000, 0x0000000747a00000, 0x0000000747b00000|  0%| F|  |TAMS 0x0000000747a00000, 0x0000000747a00000| Untracked 
| 123|0x0000000747b00000, 0x0000000747b00000, 0x0000000747c00000|  0%| F|  |TAMS 0x0000000747b00000, 0x0000000747b00000| Untracked 
| 124|0x0000000747c00000, 0x0000000747c00000, 0x0000000747d00000|  0%| F|  |TAMS 0x0000000747c00000, 0x0000000747c00000| Untracked 
| 125|0x0000000747d00000, 0x0000000747d00000, 0x0000000747e00000|  0%| F|  |TAMS 0x0000000747d00000, 0x0000000747d00000| Untracked 
| 126|0x0000000747e00000, 0x0000000747e00000, 0x0000000747f00000|  0%| F|  |TAMS 0x0000000747e00000, 0x0000000747e00000| Untracked 
| 127|0x0000000747f00000, 0x0000000747f00000, 0x0000000748000000|  0%| F|  |TAMS 0x0000000747f00000, 0x0000000747f00000| Untracked 
| 128|0x0000000748000000, 0x0000000748000000, 0x0000000748100000|  0%| F|  |TAMS 0x0000000748000000, 0x0000000748000000| Untracked 
| 129|0x0000000748100000, 0x0000000748100000, 0x0000000748200000|  0%| F|  |TAMS 0x0000000748100000, 0x0000000748100000| Untracked 
| 130|0x0000000748200000, 0x0000000748200000, 0x0000000748300000|  0%| F|  |TAMS 0x0000000748200000, 0x0000000748200000| Untracked 
| 131|0x0000000748300000, 0x0000000748300000, 0x0000000748400000|  0%| F|  |TAMS 0x0000000748300000, 0x0000000748300000| Untracked 
| 132|0x0000000748400000, 0x0000000748400000, 0x0000000748500000|  0%| F|  |TAMS 0x0000000748400000, 0x0000000748400000| Untracked 
| 133|0x0000000748500000, 0x0000000748500000, 0x0000000748600000|  0%| F|  |TAMS 0x0000000748500000, 0x0000000748500000| Untracked 
| 134|0x0000000748600000, 0x0000000748600000, 0x0000000748700000|  0%| F|  |TAMS 0x0000000748600000, 0x0000000748600000| Untracked 
| 135|0x0000000748700000, 0x0000000748700000, 0x0000000748800000|  0%| F|  |TAMS 0x0000000748700000, 0x0000000748700000| Untracked 
| 136|0x0000000748800000, 0x0000000748800000, 0x0000000748900000|  0%| F|  |TAMS 0x0000000748800000, 0x0000000748800000| Untracked 
| 137|0x0000000748900000, 0x0000000748900000, 0x0000000748a00000|  0%| F|  |TAMS 0x0000000748900000, 0x0000000748900000| Untracked 
| 138|0x0000000748a00000, 0x0000000748a00000, 0x0000000748b00000|  0%| F|  |TAMS 0x0000000748a00000, 0x0000000748a00000| Untracked 
| 139|0x0000000748b00000, 0x0000000748b00000, 0x0000000748c00000|  0%| F|  |TAMS 0x0000000748b00000, 0x0000000748b00000| Untracked 
| 140|0x0000000748c00000, 0x0000000748c00000, 0x0000000748d00000|  0%| F|  |TAMS 0x0000000748c00000, 0x0000000748c00000| Untracked 
| 141|0x0000000748d00000, 0x0000000748d00000, 0x0000000748e00000|  0%| F|  |TAMS 0x0000000748d00000, 0x0000000748d00000| Untracked 
| 142|0x0000000748e00000, 0x0000000748e00000, 0x0000000748f00000|  0%| F|  |TAMS 0x0000000748e00000, 0x0000000748e00000| Untracked 
| 143|0x0000000748f00000, 0x0000000748f00000, 0x0000000749000000|  0%| F|  |TAMS 0x0000000748f00000, 0x0000000748f00000| Untracked 
| 144|0x0000000749000000, 0x0000000749000000, 0x0000000749100000|  0%| F|  |TAMS 0x0000000749000000, 0x0000000749000000| Untracked 
| 145|0x0000000749100000, 0x0000000749100000, 0x0000000749200000|  0%| F|  |TAMS 0x0000000749100000, 0x0000000749100000| Untracked 
| 146|0x0000000749200000, 0x0000000749200000, 0x0000000749300000|  0%| F|  |TAMS 0x0000000749200000, 0x0000000749200000| Untracked 
| 147|0x0000000749300000, 0x0000000749300000, 0x0000000749400000|  0%| F|  |TAMS 0x0000000749300000, 0x0000000749300000| Untracked 
| 148|0x0000000749400000, 0x0000000749400000, 0x0000000749500000|  0%| F|  |TAMS 0x0000000749400000, 0x0000000749400000| Untracked 
| 149|0x0000000749500000, 0x0000000749500000, 0x0000000749600000|  0%| F|  |TAMS 0x0000000749500000, 0x0000000749500000| Untracked 
| 150|0x0000000749600000, 0x0000000749600000, 0x0000000749700000|  0%| F|  |TAMS 0x0000000749600000, 0x0000000749600000| Untracked 
| 151|0x0000000749700000, 0x0000000749700000, 0x0000000749800000|  0%| F|  |TAMS 0x0000000749700000, 0x0000000749700000| Untracked 
| 152|0x0000000749800000, 0x0000000749800000, 0x0000000749900000|  0%| F|  |TAMS 0x0000000749800000, 0x0000000749800000| Untracked 
| 153|0x0000000749900000, 0x0000000749900000, 0x0000000749a00000|  0%| F|  |TAMS 0x0000000749900000, 0x0000000749900000| Untracked 
| 154|0x0000000749a00000, 0x0000000749a00000, 0x0000000749b00000|  0%| F|  |TAMS 0x0000000749a00000, 0x0000000749a00000| Untracked 
| 155|0x0000000749b00000, 0x0000000749b00000, 0x0000000749c00000|  0%| F|  |TAMS 0x0000000749b00000, 0x0000000749b00000| Untracked 
| 156|0x0000000749c00000, 0x0000000749c00000, 0x0000000749d00000|  0%| F|  |TAMS 0x0000000749c00000, 0x0000000749c00000| Untracked 
| 157|0x0000000749d00000, 0x0000000749d00000, 0x0000000749e00000|  0%| F|  |TAMS 0x0000000749d00000, 0x0000000749d00000| Untracked 
| 158|0x0000000749e00000, 0x0000000749e00000, 0x0000000749f00000|  0%| F|  |TAMS 0x0000000749e00000, 0x0000000749e00000| Untracked 
| 159|0x0000000749f00000, 0x0000000749f00000, 0x000000074a000000|  0%| F|  |TAMS 0x0000000749f00000, 0x0000000749f00000| Untracked 
| 160|0x000000074a000000, 0x000000074a000000, 0x000000074a100000|  0%| F|  |TAMS 0x000000074a000000, 0x000000074a000000| Untracked 
| 161|0x000000074a100000, 0x000000074a100000, 0x000000074a200000|  0%| F|  |TAMS 0x000000074a100000, 0x000000074a100000| Untracked 
| 162|0x000000074a200000, 0x000000074a200000, 0x000000074a300000|  0%| F|  |TAMS 0x000000074a200000, 0x000000074a200000| Untracked 
| 163|0x000000074a300000, 0x000000074a300000, 0x000000074a400000|  0%| F|  |TAMS 0x000000074a300000, 0x000000074a300000| Untracked 
| 164|0x000000074a400000, 0x000000074a400000, 0x000000074a500000|  0%| F|  |TAMS 0x000000074a400000, 0x000000074a400000| Untracked 
| 165|0x000000074a500000, 0x000000074a500000, 0x000000074a600000|  0%| F|  |TAMS 0x000000074a500000, 0x000000074a500000| Untracked 
| 166|0x000000074a600000, 0x000000074a600000, 0x000000074a700000|  0%| F|  |TAMS 0x000000074a600000, 0x000000074a600000| Untracked 
| 167|0x000000074a700000, 0x000000074a700000, 0x000000074a800000|  0%| F|  |TAMS 0x000000074a700000, 0x000000074a700000| Untracked 
| 168|0x000000074a800000, 0x000000074a800000, 0x000000074a900000|  0%| F|  |TAMS 0x000000074a800000, 0x000000074a800000| Untracked 
| 169|0x000000074a900000, 0x000000074a900000, 0x000000074aa00000|  0%| F|  |TAMS 0x000000074a900000, 0x000000074a900000| Untracked 
| 170|0x000000074aa00000, 0x000000074aa00000, 0x000000074ab00000|  0%| F|  |TAMS 0x000000074aa00000, 0x000000074aa00000| Untracked 
| 171|0x000000074ab00000, 0x000000074ab00000, 0x000000074ac00000|  0%| F|  |TAMS 0x000000074ab00000, 0x000000074ab00000| Untracked 
| 172|0x000000074ac00000, 0x000000074ac00000, 0x000000074ad00000|  0%| F|  |TAMS 0x000000074ac00000, 0x000000074ac00000| Untracked 
| 173|0x000000074ad00000, 0x000000074ad00000, 0x000000074ae00000|  0%| F|  |TAMS 0x000000074ad00000, 0x000000074ad00000| Untracked 
| 174|0x000000074ae00000, 0x000000074ae00000, 0x000000074af00000|  0%| F|  |TAMS 0x000000074ae00000, 0x000000074ae00000| Untracked 
| 175|0x000000074af00000, 0x000000074af00000, 0x000000074b000000|  0%| F|  |TAMS 0x000000074af00000, 0x000000074af00000| Untracked 
| 176|0x000000074b000000, 0x000000074b000000, 0x000000074b100000|  0%| F|  |TAMS 0x000000074b000000, 0x000000074b000000| Untracked 
| 177|0x000000074b100000, 0x000000074b100000, 0x000000074b200000|  0%| F|  |TAMS 0x000000074b100000, 0x000000074b100000| Untracked 
| 178|0x000000074b200000, 0x000000074b200000, 0x000000074b300000|  0%| F|  |TAMS 0x000000074b200000, 0x000000074b200000| Untracked 
| 179|0x000000074b300000, 0x000000074b300000, 0x000000074b400000|  0%| F|  |TAMS 0x000000074b300000, 0x000000074b300000| Untracked 
| 180|0x000000074b400000, 0x000000074b400000, 0x000000074b500000|  0%| F|  |TAMS 0x000000074b400000, 0x000000074b400000| Untracked 
| 181|0x000000074b500000, 0x000000074b500000, 0x000000074b600000|  0%| F|  |TAMS 0x000000074b500000, 0x000000074b500000| Untracked 
| 182|0x000000074b600000, 0x000000074b600000, 0x000000074b700000|  0%| F|  |TAMS 0x000000074b600000, 0x000000074b600000| Untracked 
| 183|0x000000074b700000, 0x000000074b700000, 0x000000074b800000|  0%| F|  |TAMS 0x000000074b700000, 0x000000074b700000| Untracked 
| 184|0x000000074b800000, 0x000000074b800000, 0x000000074b900000|  0%| F|  |TAMS 0x000000074b800000, 0x000000074b800000| Untracked 
| 185|0x000000074b900000, 0x000000074b900000, 0x000000074ba00000|  0%| F|  |TAMS 0x000000074b900000, 0x000000074b900000| Untracked 
| 186|0x000000074ba00000, 0x000000074ba00000, 0x000000074bb00000|  0%| F|  |TAMS 0x000000074ba00000, 0x000000074ba00000| Untracked 
| 187|0x000000074bb00000, 0x000000074bb00000, 0x000000074bc00000|  0%| F|  |TAMS 0x000000074bb00000, 0x000000074bb00000| Untracked 
| 188|0x000000074bc00000, 0x000000074bc00000, 0x000000074bd00000|  0%| F|  |TAMS 0x000000074bc00000, 0x000000074bc00000| Untracked 
| 189|0x000000074bd00000, 0x000000074bd00000, 0x000000074be00000|  0%| F|  |TAMS 0x000000074bd00000, 0x000000074bd00000| Untracked 
| 190|0x000000074be00000, 0x000000074be00000, 0x000000074bf00000|  0%| F|  |TAMS 0x000000074be00000, 0x000000074be00000| Untracked 
| 191|0x000000074bf00000, 0x000000074bf00000, 0x000000074c000000|  0%| F|  |TAMS 0x000000074bf00000, 0x000000074bf00000| Untracked 
| 192|0x000000074c000000, 0x000000074c000000, 0x000000074c100000|  0%| F|  |TAMS 0x000000074c000000, 0x000000074c000000| Untracked 
| 193|0x000000074c100000, 0x000000074c100000, 0x000000074c200000|  0%| F|  |TAMS 0x000000074c100000, 0x000000074c100000| Untracked 
| 194|0x000000074c200000, 0x000000074c200000, 0x000000074c300000|  0%| F|  |TAMS 0x000000074c200000, 0x000000074c200000| Untracked 
| 195|0x000000074c300000, 0x000000074c300000, 0x000000074c400000|  0%| F|  |TAMS 0x000000074c300000, 0x000000074c300000| Untracked 
| 196|0x000000074c400000, 0x000000074c400000, 0x000000074c500000|  0%| F|  |TAMS 0x000000074c400000, 0x000000074c400000| Untracked 
| 197|0x000000074c500000, 0x000000074c500000, 0x000000074c600000|  0%| F|  |TAMS 0x000000074c500000, 0x000000074c500000| Untracked 
| 198|0x000000074c600000, 0x000000074c600000, 0x000000074c700000|  0%| F|  |TAMS 0x000000074c600000, 0x000000074c600000| Untracked 
| 199|0x000000074c700000, 0x000000074c700000, 0x000000074c800000|  0%| F|  |TAMS 0x000000074c700000, 0x000000074c700000| Untracked 
| 200|0x000000074c800000, 0x000000074c800000, 0x000000074c900000|  0%| F|  |TAMS 0x000000074c800000, 0x000000074c800000| Untracked 
| 201|0x000000074c900000, 0x000000074c900000, 0x000000074ca00000|  0%| F|  |TAMS 0x000000074c900000, 0x000000074c900000| Untracked 
| 202|0x000000074ca00000, 0x000000074ca00000, 0x000000074cb00000|  0%| F|  |TAMS 0x000000074ca00000, 0x000000074ca00000| Untracked 
| 203|0x000000074cb00000, 0x000000074cb00000, 0x000000074cc00000|  0%| F|  |TAMS 0x000000074cb00000, 0x000000074cb00000| Untracked 
| 204|0x000000074cc00000, 0x000000074cc00000, 0x000000074cd00000|  0%| F|  |TAMS 0x000000074cc00000, 0x000000074cc00000| Untracked 
| 205|0x000000074cd00000, 0x000000074cd00000, 0x000000074ce00000|  0%| F|  |TAMS 0x000000074cd00000, 0x000000074cd00000| Untracked 
| 206|0x000000074ce00000, 0x000000074ce00000, 0x000000074cf00000|  0%| F|  |TAMS 0x000000074ce00000, 0x000000074ce00000| Untracked 
| 207|0x000000074cf00000, 0x000000074cf00000, 0x000000074d000000|  0%| F|  |TAMS 0x000000074cf00000, 0x000000074cf00000| Untracked 
| 208|0x000000074d000000, 0x000000074d000000, 0x000000074d100000|  0%| F|  |TAMS 0x000000074d000000, 0x000000074d000000| Untracked 
| 209|0x000000074d100000, 0x000000074d100000, 0x000000074d200000|  0%| F|  |TAMS 0x000000074d100000, 0x000000074d100000| Untracked 
| 210|0x000000074d200000, 0x000000074d200000, 0x000000074d300000|  0%| F|  |TAMS 0x000000074d200000, 0x000000074d200000| Untracked 
| 211|0x000000074d300000, 0x000000074d300000, 0x000000074d400000|  0%| F|  |TAMS 0x000000074d300000, 0x000000074d300000| Untracked 
| 212|0x000000074d400000, 0x000000074d400000, 0x000000074d500000|  0%| F|  |TAMS 0x000000074d400000, 0x000000074d400000| Untracked 
| 213|0x000000074d500000, 0x000000074d500000, 0x000000074d600000|  0%| F|  |TAMS 0x000000074d500000, 0x000000074d500000| Untracked 
| 214|0x000000074d600000, 0x000000074d600000, 0x000000074d700000|  0%| F|  |TAMS 0x000000074d600000, 0x000000074d600000| Untracked 
| 215|0x000000074d700000, 0x000000074d700000, 0x000000074d800000|  0%| F|  |TAMS 0x000000074d700000, 0x000000074d700000| Untracked 
| 216|0x000000074d800000, 0x000000074d800000, 0x000000074d900000|  0%| F|  |TAMS 0x000000074d800000, 0x000000074d800000| Untracked 
| 217|0x000000074d900000, 0x000000074d900000, 0x000000074da00000|  0%| F|  |TAMS 0x000000074d900000, 0x000000074d900000| Untracked 
| 218|0x000000074da00000, 0x000000074da00000, 0x000000074db00000|  0%| F|  |TAMS 0x000000074da00000, 0x000000074da00000| Untracked 
| 219|0x000000074db00000, 0x000000074db00000, 0x000000074dc00000|  0%| F|  |TAMS 0x000000074db00000, 0x000000074db00000| Untracked 
| 220|0x000000074dc00000, 0x000000074dc00000, 0x000000074dd00000|  0%| F|  |TAMS 0x000000074dc00000, 0x000000074dc00000| Untracked 
| 221|0x000000074dd00000, 0x000000074dd00000, 0x000000074de00000|  0%| F|  |TAMS 0x000000074dd00000, 0x000000074dd00000| Untracked 
| 222|0x000000074de00000, 0x000000074de00000, 0x000000074df00000|  0%| F|  |TAMS 0x000000074de00000, 0x000000074de00000| Untracked 
| 223|0x000000074df00000, 0x000000074df00000, 0x000000074e000000|  0%| F|  |TAMS 0x000000074df00000, 0x000000074df00000| Untracked 
| 224|0x000000074e000000, 0x000000074e000000, 0x000000074e100000|  0%| F|  |TAMS 0x000000074e000000, 0x000000074e000000| Untracked 
| 225|0x000000074e100000, 0x000000074e100000, 0x000000074e200000|  0%| F|  |TAMS 0x000000074e100000, 0x000000074e100000| Untracked 
| 226|0x000000074e200000, 0x000000074e200000, 0x000000074e300000|  0%| F|  |TAMS 0x000000074e200000, 0x000000074e200000| Untracked 
| 227|0x000000074e300000, 0x000000074e300000, 0x000000074e400000|  0%| F|  |TAMS 0x000000074e300000, 0x000000074e300000| Untracked 
| 228|0x000000074e400000, 0x000000074e400000, 0x000000074e500000|  0%| F|  |TAMS 0x000000074e400000, 0x000000074e400000| Untracked 
| 229|0x000000074e500000, 0x000000074e500000, 0x000000074e600000|  0%| F|  |TAMS 0x000000074e500000, 0x000000074e500000| Untracked 
| 230|0x000000074e600000, 0x000000074e600000, 0x000000074e700000|  0%| F|  |TAMS 0x000000074e600000, 0x000000074e600000| Untracked 
| 231|0x000000074e700000, 0x000000074e7a4178, 0x000000074e800000| 64%| E|  |TAMS 0x000000074e700000, 0x000000074e700000| Complete 
| 232|0x000000074e800000, 0x000000074e900000, 0x000000074e900000|100%| E|CS|TAMS 0x000000074e800000, 0x000000074e800000| Complete 
| 233|0x000000074e900000, 0x000000074ea00000, 0x000000074ea00000|100%| E|CS|TAMS 0x000000074e900000, 0x000000074e900000| Complete 
| 234|0x000000074ea00000, 0x000000074eb00000, 0x000000074eb00000|100%| E|CS|TAMS 0x000000074ea00000, 0x000000074ea00000| Complete 
| 235|0x000000074eb00000, 0x000000074ec00000, 0x000000074ec00000|100%| E|CS|TAMS 0x000000074eb00000, 0x000000074eb00000| Complete 
| 236|0x000000074ec00000, 0x000000074ed00000, 0x000000074ed00000|100%| E|CS|TAMS 0x000000074ec00000, 0x000000074ec00000| Complete 
| 237|0x000000074ed00000, 0x000000074ee00000, 0x000000074ee00000|100%| E|CS|TAMS 0x000000074ed00000, 0x000000074ed00000| Complete 
| 238|0x000000074ee00000, 0x000000074ef00000, 0x000000074ef00000|100%| E|CS|TAMS 0x000000074ee00000, 0x000000074ee00000| Complete 
| 239|0x000000074ef00000, 0x000000074f000000, 0x000000074f000000|100%| E|CS|TAMS 0x000000074ef00000, 0x000000074ef00000| Complete 
| 240|0x000000074f000000, 0x000000074f100000, 0x000000074f100000|100%| E|CS|TAMS 0x000000074f000000, 0x000000074f000000| Complete 
| 241|0x000000074f100000, 0x000000074f200000, 0x000000074f200000|100%| E|CS|TAMS 0x000000074f100000, 0x000000074f100000| Complete 
| 242|0x000000074f200000, 0x000000074f300000, 0x000000074f300000|100%| E|CS|TAMS 0x000000074f200000, 0x000000074f200000| Complete 
| 243|0x000000074f300000, 0x000000074f400000, 0x000000074f400000|100%| E|CS|TAMS 0x000000074f300000, 0x000000074f300000| Complete 
| 244|0x000000074f400000, 0x000000074f500000, 0x000000074f500000|100%| E|CS|TAMS 0x000000074f400000, 0x000000074f400000| Complete 
| 245|0x000000074f500000, 0x000000074f532ef0, 0x000000074f600000| 19%| S|CS|TAMS 0x000000074f500000, 0x000000074f500000| Complete 
| 246|0x000000074f600000, 0x000000074f700000, 0x000000074f700000|100%| E|CS|TAMS 0x000000074f600000, 0x000000074f600000| Complete 
| 247|0x000000074f700000, 0x000000074f800000, 0x000000074f800000|100%| E|CS|TAMS 0x000000074f700000, 0x000000074f700000| Complete 
| 248|0x000000074f800000, 0x000000074f900000, 0x000000074f900000|100%| E|CS|TAMS 0x000000074f800000, 0x000000074f800000| Complete 
| 249|0x000000074f900000, 0x000000074fa00000, 0x000000074fa00000|100%| E|CS|TAMS 0x000000074f900000, 0x000000074f900000| Complete 
| 250|0x000000074fa00000, 0x000000074fb00000, 0x000000074fb00000|100%| E|CS|TAMS 0x000000074fa00000, 0x000000074fa00000| Complete 
| 251|0x000000074fb00000, 0x000000074fc00000, 0x000000074fc00000|100%| E|CS|TAMS 0x000000074fb00000, 0x000000074fb00000| Complete 
| 252|0x000000074fc00000, 0x000000074fd00000, 0x000000074fd00000|100%| E|CS|TAMS 0x000000074fc00000, 0x000000074fc00000| Complete 
| 253|0x000000074fd00000, 0x000000074fe00000, 0x000000074fe00000|100%| E|CS|TAMS 0x000000074fd00000, 0x000000074fd00000| Complete 
| 254|0x000000074fe00000, 0x000000074ff00000, 0x000000074ff00000|100%| E|CS|TAMS 0x000000074fe00000, 0x000000074fe00000| Complete 
| 255|0x000000074ff00000, 0x0000000750000000, 0x0000000750000000|100%| E|CS|TAMS 0x000000074ff00000, 0x000000074ff00000| Complete 

Card table byte_map: [0x0000022c53c80000,0x0000022c54280000] _byte_map_base: 0x0000022c50280000

Marking Bits (Prev, Next): (CMBitMap*) 0x0000022c5985cda8, (CMBitMap*) 0x0000022c5985cde0
 Prev Bits: [0x0000022c712e0000, 0x0000022c742e0000)
 Next Bits: [0x0000022c742e0000, 0x0000022c772e0000)

Polling page: 0x0000022c4dfb0000

Metaspace:

Usage:
  Non-class:     83.57 MB capacity,    82.52 MB ( 99%) used,   823.19 KB ( <1%) free+waste,   255.31 KB ( <1%) overhead. 
      Class:     12.86 MB capacity,    12.09 MB ( 94%) used,   669.63 KB (  5%) free+waste,   118.06 KB ( <1%) overhead. 
       Both:     96.43 MB capacity,    94.61 MB ( 98%) used,     1.46 MB (  2%) free+waste,   373.38 KB ( <1%) overhead. 

Virtual space:
  Non-class space:       86.00 MB reserved,      85.20 MB (>99%) committed 
      Class space:        1.00 GB reserved,      13.71 MB (  1%) committed 
             Both:        1.08 GB reserved,      98.91 MB (  9%) committed 

Chunk freelists:
   Non-Class:  1.44 MB
       Class:  754.00 KB
        Both:  2.18 MB

MaxMetaspaceSize: 17179869184.00 GB
CompressedClassSpaceSize: 1.00 GB

CodeHeap 'non-profiled nmethods': size=120000Kb used=23818Kb max_used=24497Kb free=96181Kb
 bounds [0x0000022c69db0000, 0x0000022c6b5a0000, 0x0000022c712e0000]
CodeHeap 'profiled nmethods': size=120000Kb used=46430Kb max_used=48372Kb free=73569Kb
 bounds [0x0000022c62880000, 0x0000022c65810000, 0x0000022c69db0000]
CodeHeap 'non-nmethods': size=5760Kb used=1695Kb max_used=1738Kb free=4064Kb
 bounds [0x0000022c622e0000, 0x0000022c62550000, 0x0000022c62880000]
 total_blobs=20480 nmethods=19206 adapters=1177
 compilation: enabled
              stopped_count=0, restarted_count=0
 full_count=0

Compilation events (20 events):
Event: 5019.631 Thread 0x0000022c59b44800 nmethod 24516 0x0000022c62e58e10 code [0x0000022c62e590e0, 0x0000022c62e5a208]
Event: 5019.640 Thread 0x0000022c59b3f000 nmethod 24515 0x0000022c69e47110 code [0x0000022c69e47320, 0x0000022c69e480b8]
Event: 5019.640 Thread 0x0000022c59b3f000 24517       4       java.lang.Module::isStaticallyExportedOrOpen (70 bytes)
Event: 5019.645 Thread 0x0000022c59b44800 24521       3       java.lang.invoke.LambdaFormBuffer::insertParameter (30 bytes)
Event: 5019.645 Thread 0x0000022c59b44800 nmethod 24521 0x0000022c62908410 code [0x0000022c629085c0, 0x0000022c62908708]
Event: 5019.678 Thread 0x0000022c59b3f000 nmethod 24517 0x0000022c6a222e90 code [0x0000022c6a223180, 0x0000022c6a225010]
Event: 5019.678 Thread 0x0000022c59b3f000 24518       4       jdk.internal.org.objectweb.asm.MethodWriter::visitAnnotation (82 bytes)
Event: 5019.686 Thread 0x0000022c59b3f000 nmethod 24518 0x0000022c6a070c10 code [0x0000022c6a070e00, 0x0000022c6a071748]
Event: 5019.728 Thread 0x0000022c59b44800 24522   !   3       javax.swing.JComponent::_paintImmediately (891 bytes)
Event: 5019.733 Thread 0x0000022c59b44800 nmethod 24522 0x0000022c635ad010 code [0x0000022c635ad780, 0x0000022c635b3898]
Event: 5019.792 Thread 0x0000022c59b3f000 24523       4       com.jidesoft.list.StyledListCellRenderer::firePropertyChange (1 bytes)
Event: 5019.792 Thread 0x0000022c59b3f000 nmethod 24523 0x0000022c69ef0090 code [0x0000022c69ef0220, 0x0000022c69ef0278]
Event: 5020.183 Thread 0x0000022c59b44800 24524       3       com.jidesoft.docking.DockingUtils::a (411 bytes)
Event: 5020.185 Thread 0x0000022c59b44800 nmethod 24524 0x0000022c63754590 code [0x0000022c63754b00, 0x0000022c63759628]
Event: 5020.256 Thread 0x0000022c59b3f000 24525       4       javax.swing.DefaultListSelectionModel::getMinSelectionIndex (16 bytes)
Event: 5020.257 Thread 0x0000022c59b3f000 nmethod 24525 0x0000022c69eefe10 code [0x0000022c69eeffa0, 0x0000022c69ef0018]
Event: 5026.643 Thread 0x0000022c59b3f000 24526       4       ui.utils.swing.b.a::setToolTipText (148 bytes)
Event: 5026.733 Thread 0x0000022c59b3f000 nmethod 24526 0x0000022c6ab5a110 code [0x0000022c6ab5a680, 0x0000022c6ab5f138]
Event: 5027.400 Thread 0x0000022c59b3f000 24527   !   4       com.google.protobuf.CodedOutputStream$ArrayEncoder::writeUInt32NoTag (185 bytes)
Event: 5027.401 Thread 0x0000022c59b3f000 nmethod 24527 0x0000022c69f30190 code [0x0000022c69f30340, 0x0000022c69f30518]

GC Heap History (20 events):
Event: 4898.627 GC heap before
{Heap before GC invocations=234 (full 16):
 garbage-first heap   total 262144K, used 172982K [0x0000000740000000, 0x0000000800000000)
  region size 1024K, 60 young (61440K), 2 survivors (2048K)
 Metaspace       used 96904K, capacity 98725K, committed 100904K, reserved 1136640K
  class space    used 12403K, capacity 13204K, committed 13912K, reserved 1048576K
}
Event: 4898.628 GC heap after
{Heap after GC invocations=235 (full 16):
 garbage-first heap   total 262144K, used 113055K [0x0000000740000000, 0x0000000800000000)
  region size 1024K, 1 young (1024K), 1 survivors (1024K)
 Metaspace       used 96904K, capacity 98725K, committed 100904K, reserved 1136640K
  class space    used 12403K, capacity 13204K, committed 13912K, reserved 1048576K
}
Event: 4909.830 GC heap before
{Heap before GC invocations=235 (full 16):
 garbage-first heap   total 262144K, used 173471K [0x0000000740000000, 0x0000000800000000)
  region size 1024K, 60 young (61440K), 1 survivors (1024K)
 Metaspace       used 96911K, capacity 98725K, committed 100904K, reserved 1136640K
  class space    used 12403K, capacity 13204K, committed 13912K, reserved 1048576K
}
Event: 4909.831 GC heap after
{Heap after GC invocations=236 (full 16):
 garbage-first heap   total 262144K, used 113111K [0x0000000740000000, 0x0000000800000000)
  region size 1024K, 1 young (1024K), 1 survivors (1024K)
 Metaspace       used 96911K, capacity 98725K, committed 100904K, reserved 1136640K
  class space    used 12403K, capacity 13204K, committed 13912K, reserved 1048576K
}
Event: 4969.235 GC heap before
{Heap before GC invocations=236 (full 16):
 garbage-first heap   total 262144K, used 173527K [0x0000000740000000, 0x0000000800000000)
  region size 1024K, 60 young (61440K), 1 survivors (1024K)
 Metaspace       used 96911K, capacity 98725K, committed 100904K, reserved 1136640K
  class space    used 12403K, capacity 13204K, committed 13912K, reserved 1048576K
}
Event: 4969.236 GC heap after
{Heap after GC invocations=237 (full 16):
 garbage-first heap   total 262144K, used 113117K [0x0000000740000000, 0x0000000800000000)
  region size 1024K, 1 young (1024K), 1 survivors (1024K)
 Metaspace       used 96911K, capacity 98725K, committed 100904K, reserved 1136640K
  class space    used 12403K, capacity 13204K, committed 13912K, reserved 1048576K
}
Event: 5000.576 GC heap before
{Heap before GC invocations=237 (full 16):
 garbage-first heap   total 262144K, used 173533K [0x0000000740000000, 0x0000000800000000)
  region size 1024K, 60 young (61440K), 1 survivors (1024K)
 Metaspace       used 96914K, capacity 98725K, committed 100904K, reserved 1136640K
  class space    used 12403K, capacity 13204K, committed 13912K, reserved 1048576K
}
Event: 5000.577 GC heap after
{Heap after GC invocations=238 (full 16):
 garbage-first heap   total 262144K, used 113074K [0x0000000740000000, 0x0000000800000000)
  region size 1024K, 1 young (1024K), 1 survivors (1024K)
 Metaspace       used 96914K, capacity 98725K, committed 100904K, reserved 1136640K
  class space    used 12403K, capacity 13204K, committed 13912K, reserved 1048576K
}
Event: 5003.390 GC heap before
{Heap before GC invocations=238 (full 16):
 garbage-first heap   total 262144K, used 173490K [0x0000000740000000, 0x0000000800000000)
  region size 1024K, 60 young (61440K), 1 survivors (1024K)
 Metaspace       used 96914K, capacity 98725K, committed 100904K, reserved 1136640K
  class space    used 12403K, capacity 13204K, committed 13912K, reserved 1048576K
}
Event: 5003.391 GC heap after
{Heap after GC invocations=239 (full 16):
 garbage-first heap   total 262144K, used 113060K [0x0000000740000000, 0x0000000800000000)
  region size 1024K, 1 young (1024K), 1 survivors (1024K)
 Metaspace       used 96914K, capacity 98725K, committed 100904K, reserved 1136640K
  class space    used 12403K, capacity 13204K, committed 13912K, reserved 1048576K
}
Event: 5004.122 GC heap before
{Heap before GC invocations=239 (full 16):
 garbage-first heap   total 262144K, used 173476K [0x0000000740000000, 0x0000000800000000)
  region size 1024K, 60 young (61440K), 1 survivors (1024K)
 Metaspace       used 96914K, capacity 98725K, committed 100904K, reserved 1136640K
  class space    used 12403K, capacity 13204K, committed 13912K, reserved 1048576K
}
Event: 5004.123 GC heap after
{Heap after GC invocations=240 (full 16):
 garbage-first heap   total 262144K, used 113051K [0x0000000740000000, 0x0000000800000000)
  region size 1024K, 1 young (1024K), 1 survivors (1024K)
 Metaspace       used 96914K, capacity 98725K, committed 100904K, reserved 1136640K
  class space    used 12403K, capacity 13204K, committed 13912K, reserved 1048576K
}
Event: 5004.815 GC heap before
{Heap before GC invocations=240 (full 16):
 garbage-first heap   total 262144K, used 120219K [0x0000000740000000, 0x0000000800000000)
  region size 1024K, 9 young (9216K), 1 survivors (1024K)
 Metaspace       used 96914K, capacity 98725K, committed 100904K, reserved 1136640K
  class space    used 12403K, capacity 13204K, committed 13912K, reserved 1048576K
}
Event: 5004.816 GC heap after
{Heap after GC invocations=241 (full 16):
 garbage-first heap   total 262144K, used 113065K [0x0000000740000000, 0x0000000800000000)
  region size 1024K, 1 young (1024K), 1 survivors (1024K)
 Metaspace       used 96914K, capacity 98725K, committed 100904K, reserved 1136640K
  class space    used 12403K, capacity 13204K, committed 13912K, reserved 1048576K
}
Event: 5006.875 GC heap before
{Heap before GC invocations=242 (full 16):
 garbage-first heap   total 262144K, used 149929K [0x0000000740000000, 0x0000000800000000)
  region size 1024K, 30 young (30720K), 1 survivors (1024K)
 Metaspace       used 96701K, capacity 98516K, committed 100904K, reserved 1136640K
  class space    used 12346K, capacity 13093K, committed 13912K, reserved 1048576K
}
Event: 5006.944 GC heap after
{Heap after GC invocations=243 (full 17):
 garbage-first heap   total 262144K, used 94619K [0x0000000740000000, 0x0000000800000000)
  region size 1024K, 0 young (0K), 0 survivors (0K)
 Metaspace       used 96701K, capacity 98516K, committed 100904K, reserved 1136640K
  class space    used 12346K, capacity 13093K, committed 13912K, reserved 1048576K
}
Event: 5016.352 GC heap before
{Heap before GC invocations=243 (full 17):
 garbage-first heap   total 262144K, used 119195K [0x0000000740000000, 0x0000000800000000)
  region size 1024K, 21 young (21504K), 0 survivors (0K)
 Metaspace       used 96705K, capacity 98516K, committed 100904K, reserved 1136640K
  class space    used 12346K, capacity 13093K, committed 13912K, reserved 1048576K
}
Event: 5016.419 GC heap after
{Heap after GC invocations=244 (full 18):
 garbage-first heap   total 262144K, used 94308K [0x0000000740000000, 0x0000000800000000)
  region size 1024K, 0 young (0K), 0 survivors (0K)
 Metaspace       used 96705K, capacity 98516K, committed 100904K, reserved 1136640K
  class space    used 12346K, capacity 13093K, committed 13912K, reserved 1048576K
}
Event: 5018.763 GC heap before
{Heap before GC invocations=244 (full 18):
 garbage-first heap   total 262144K, used 108644K [0x0000000740000000, 0x0000000800000000)
  region size 1024K, 10 young (10240K), 0 survivors (0K)
 Metaspace       used 96717K, capacity 98531K, committed 100904K, reserved 1136640K
  class space    used 12347K, capacity 13095K, committed 13912K, reserved 1048576K
}
Event: 5018.763 GC heap after
{Heap after GC invocations=245 (full 18):
 garbage-first heap   total 262144K, used 99632K [0x0000000740000000, 0x0000000800000000)
  region size 1024K, 1 young (1024K), 1 survivors (1024K)
 Metaspace       used 96717K, capacity 98531K, committed 100904K, reserved 1136640K
  class space    used 12347K, capacity 13095K, committed 13912K, reserved 1048576K
}

Deoptimization events (20 events):
Event: 5019.646 Thread 0x0000022c7c9d0800 Uncommon trap: trap_request=0xffffffde fr.pc=0x0000022c6ac8a060 relative=0x0000000000002300
Event: 5019.646 Thread 0x0000022c7c9d0800 Uncommon trap: reason=class_check action=maybe_recompile pc=0x0000022c6ac8a060 method=com.jidesoft.docking.DefaultDockingManager.handleEvent(Ljava/awt/AWTEvent;)Z @ 2327 c2
Event: 5019.646 Thread 0x0000022c7c9d0800 DEOPT PACKING pc=0x0000022c6ac8a060 sp=0x000000c01c0fa830
Event: 5019.646 Thread 0x0000022c7c9d0800 DEOPT UNPACKING pc=0x0000022c623068af sp=0x000000c01c0fa7e0 mode 2
Event: 5019.646 Thread 0x0000022c7c9d0800 Uncommon trap: trap_request=0xffffffde fr.pc=0x0000022c6b2ebd14 relative=0x0000000000000494
Event: 5019.646 Thread 0x0000022c7c9d0800 Uncommon trap: reason=class_check action=maybe_recompile pc=0x0000022c6b2ebd14 method=javax.swing.SwingUtilities.convertPointFromScreen(Ljava/awt/Point;Ljava/awt/Component;)V @ 29 c2
Event: 5019.646 Thread 0x0000022c7c9d0800 DEOPT PACKING pc=0x0000022c6b2ebd14 sp=0x000000c01c0fa670
Event: 5019.646 Thread 0x0000022c7c9d0800 DEOPT UNPACKING pc=0x0000022c623068af sp=0x000000c01c0fa650 mode 2
Event: 5019.653 Thread 0x0000022c7c9d0800 Uncommon trap: trap_request=0xffffffde fr.pc=0x0000022c6a54da00 relative=0x00000000000001a0
Event: 5019.653 Thread 0x0000022c7c9d0800 Uncommon trap: reason=class_check action=maybe_recompile pc=0x0000022c6a54da00 method=javax.swing.PopupFactory.getPopupType(Ljava/awt/Component;Ljava/awt/Component;II)I @ 37 c2
Event: 5019.653 Thread 0x0000022c7c9d0800 DEOPT PACKING pc=0x0000022c6a54da00 sp=0x000000c01c0fa3e0
Event: 5019.653 Thread 0x0000022c7c9d0800 DEOPT UNPACKING pc=0x0000022c623068af sp=0x000000c01c0fa380 mode 2
Event: 5019.654 Thread 0x0000022c7c9d0800 Uncommon trap: trap_request=0xffffffc6 fr.pc=0x0000022c6a40f6a8 relative=0x0000000000000688
Event: 5019.654 Thread 0x0000022c7c9d0800 Uncommon trap: reason=bimorphic_or_optimized_type_check action=maybe_recompile pc=0x0000022c6a40f6a8 method=javax.swing.ListSelectionModel.getSelectedIndices()[I @ 1 c2
Event: 5019.654 Thread 0x0000022c7c9d0800 DEOPT PACKING pc=0x0000022c6a40f6a8 sp=0x000000c01c0fa420
Event: 5019.654 Thread 0x0000022c7c9d0800 DEOPT UNPACKING pc=0x0000022c623068af sp=0x000000c01c0fa3c8 mode 2
Event: 5019.654 Thread 0x0000022c7c9d0800 Uncommon trap: trap_request=0xffffffc6 fr.pc=0x0000022c6a40f6a8 relative=0x0000000000000688
Event: 5019.654 Thread 0x0000022c7c9d0800 Uncommon trap: reason=bimorphic_or_optimized_type_check action=maybe_recompile pc=0x0000022c6a40f6a8 method=javax.swing.ListSelectionModel.getSelectedIndices()[I @ 1 c2
Event: 5019.654 Thread 0x0000022c7c9d0800 DEOPT PACKING pc=0x0000022c6a40f6a8 sp=0x000000c01c0fa470
Event: 5019.654 Thread 0x0000022c7c9d0800 DEOPT UNPACKING pc=0x0000022c623068af sp=0x000000c01c0fa418 mode 2

Classes redefined (0 events):
No events

Internal exceptions (20 events):
Event: 4984.001 Thread 0x0000022c7c9d0800 Exception <a 'java/io/FileNotFoundException'{0x000000074eec7cb0}> (0x000000074eec7cb0) thrown at [./src/hotspot/share/prims/jni.cpp, line 615]
Event: 4984.050 Thread 0x0000022c7c9d0800 Exception <a 'java/io/FileNotFoundException'{0x000000074eeca358}> (0x000000074eeca358) thrown at [./src/hotspot/share/prims/jni.cpp, line 615]
Event: 4989.005 Thread 0x0000022c7c9d0800 Exception <a 'java/io/FileNotFoundException'{0x000000074e4bb820}> (0x000000074e4bb820) thrown at [./src/hotspot/share/prims/jni.cpp, line 615]
Event: 4989.050 Thread 0x0000022c7c9d0800 Exception <a 'java/io/FileNotFoundException'{0x000000074e4c1f78}> (0x000000074e4c1f78) thrown at [./src/hotspot/share/prims/jni.cpp, line 615]
Event: 4994.005 Thread 0x0000022c7c9d0800 Exception <a 'java/io/FileNotFoundException'{0x000000074dc50f20}> (0x000000074dc50f20) thrown at [./src/hotspot/share/prims/jni.cpp, line 615]
Event: 4994.051 Thread 0x0000022c7c9d0800 Exception <a 'java/io/FileNotFoundException'{0x000000074dc56308}> (0x000000074dc56308) thrown at [./src/hotspot/share/prims/jni.cpp, line 615]
Event: 4999.006 Thread 0x0000022c7c9d0800 Exception <a 'java/io/FileNotFoundException'{0x000000074d4f8680}> (0x000000074d4f8680) thrown at [./src/hotspot/share/prims/jni.cpp, line 615]
Event: 4999.052 Thread 0x0000022c7c9d0800 Exception <a 'java/io/FileNotFoundException'{0x000000074d4fe720}> (0x000000074d4fe720) thrown at [./src/hotspot/share/prims/jni.cpp, line 615]
Event: 5004.021 Thread 0x0000022c7c9d0800 Exception <a 'java/io/FileNotFoundException'{0x000000074c8aa830}> (0x000000074c8aa830) thrown at [./src/hotspot/share/prims/jni.cpp, line 615]
Event: 5004.053 Thread 0x0000022c7c9d0800 Exception <a 'java/io/FileNotFoundException'{0x000000074c6af8f8}> (0x000000074c6af8f8) thrown at [./src/hotspot/share/prims/jni.cpp, line 615]
Event: 5009.007 Thread 0x0000022c7c9d0800 Exception <a 'java/io/FileNotFoundException'{0x000000074f834a00}> (0x000000074f834a00) thrown at [./src/hotspot/share/prims/jni.cpp, line 615]
Event: 5009.053 Thread 0x0000022c7c9d0800 Exception <a 'java/io/FileNotFoundException'{0x000000074f841a58}> (0x000000074f841a58) thrown at [./src/hotspot/share/prims/jni.cpp, line 615]
Event: 5014.008 Thread 0x0000022c7c9d0800 Exception <a 'java/io/FileNotFoundException'{0x000000074f2a55d8}> (0x000000074f2a55d8) thrown at [./src/hotspot/share/prims/jni.cpp, line 615]
Event: 5014.054 Thread 0x0000022c7c9d0800 Exception <a 'java/io/FileNotFoundException'{0x000000074f2ab1d8}> (0x000000074f2ab1d8) thrown at [./src/hotspot/share/prims/jni.cpp, line 615]
Event: 5019.008 Thread 0x0000022c7c9d0800 Exception <a 'java/io/FileNotFoundException'{0x000000074fc1af88}> (0x000000074fc1af88) thrown at [./src/hotspot/share/prims/jni.cpp, line 615]
Event: 5019.055 Thread 0x0000022c7c9d0800 Exception <a 'java/io/FileNotFoundException'{0x000000074fc1bf48}> (0x000000074fc1bf48) thrown at [./src/hotspot/share/prims/jni.cpp, line 615]
Event: 5019.644 Thread 0x0000022c7c9d0800 Exception <a 'java/lang/NoSuchMethodError'{0x000000074ee1eb90}: 'java.lang.Object java.lang.invoke.DirectMethodHandle$Holder.invokeSpecial(java.lang.Object, java.lang.Object, int, int, java.lang.Object, java.lang.Object, java.lang.Object, int, java.lang.Object)'> (0x000000074ee1eb90) thrown at [./src/hotspot/share/interpreter/linkResolver.cpp, line 773]
Event: 5019.644 Thread 0x0000022c7c9d0800 Exception <a 'java/lang/NoSuchMethodError'{0x000000074ee225f0}: 'java.lang.Object java.lang.invoke.DelegatingMethodHandle$Holder.reinvoke_L(java.lang.Object, int, int, java.lang.Object, java.lang.Object, java.lang.Object, int, java.lang.Object)'> (0x000000074ee225f0) thrown at [./src/hotspot/share/interpreter/linkResolver.cpp, line 773]
Event: 5024.009 Thread 0x0000022c7c9d0800 Exception <a 'java/io/FileNotFoundException'{0x000000074ea39680}> (0x000000074ea39680) thrown at [./src/hotspot/share/prims/jni.cpp, line 615]
Event: 5024.055 Thread 0x0000022c7c9d0800 Exception <a 'java/io/FileNotFoundException'{0x000000074ea3a1a0}> (0x000000074ea3a1a0) thrown at [./src/hotspot/share/prims/jni.cpp, line 615]

Events (20 events):
Event: 5020.635 Thread 0x0000022c017f4000 Thread added: 0x0000022c017f4000
Event: 5020.640 Thread 0x0000022c017f4000 Thread exited: 0x0000022c017f4000
Event: 5021.635 Thread 0x0000022c017f4000 Thread added: 0x0000022c017f4000
Event: 5021.640 Thread 0x0000022c017f4000 Thread exited: 0x0000022c017f4000
Event: 5022.635 Thread 0x0000022c017f4000 Thread added: 0x0000022c017f4000
Event: 5022.640 Thread 0x0000022c017f4000 Thread exited: 0x0000022c017f4000
Event: 5023.636 Thread 0x0000022c017f4000 Thread added: 0x0000022c017f4000
Event: 5023.641 Thread 0x0000022c017f4000 Thread exited: 0x0000022c017f4000
Event: 5024.637 Thread 0x0000022c017f4000 Thread added: 0x0000022c017f4000
Event: 5024.642 Thread 0x0000022c017f4000 Thread exited: 0x0000022c017f4000
Event: 5025.616 Thread 0x0000022c017f4000 Thread added: 0x0000022c017f4000
Event: 5025.621 Executing VM operation: RevokeBias
Event: 5025.621 Executing VM operation: RevokeBias done
Event: 5025.621 Thread 0x0000022c017f4000 Thread exited: 0x0000022c017f4000
Event: 5025.637 Thread 0x0000022c017f4000 Thread added: 0x0000022c017f4000
Event: 5025.642 Thread 0x0000022c017f4000 Thread exited: 0x0000022c017f4000
Event: 5026.638 Thread 0x0000022c017f4000 Thread added: 0x0000022c017f4000
Event: 5026.643 Thread 0x0000022c017f4000 Thread exited: 0x0000022c017f4000
Event: 5027.399 loading class ui/views/waveform/executive/protobuf/WVPrefs$WVGeneralPrefs$Builder
Event: 5027.399 loading class ui/views/waveform/executive/protobuf/WVPrefs$WVGeneralPrefs$Builder done


Dynamic libraries:
0x00007ff624620000 - 0x00007ff624651000 	C:\Xilinx\Vivado\2022.2\bin\unwrapped\win64.o\vivado.exe
0x00007ff8f2fd0000 - 0x00007ff8f31c8000 	C:\Windows\SYSTEM32\ntdll.dll
0x00007ff8f2bc0000 - 0x00007ff8f2c7f000 	C:\Windows\System32\KERNEL32.DLL
0x00007ff8f09a0000 - 0x00007ff8f0c72000 	C:\Windows\System32\KERNELBASE.dll
0x00007ff8f06c0000 - 0x00007ff8f07c0000 	C:\Windows\System32\ucrtbase.dll
0x00007ff8db830000 - 0x00007ff8db8be000 	C:\Windows\SYSTEM32\MSVCP140.dll
0x00007ff8db810000 - 0x00007ff8db82b000 	C:\Windows\SYSTEM32\VCRUNTIME140.dll
0x00007ff8dc3f0000 - 0x00007ff8dc3fc000 	C:\Windows\SYSTEM32\VCRUNTIME140_1.dll
0x00007ff8e8160000 - 0x00007ff8e8178000 	C:\Xilinx\Vivado\2022.2\lib\win64.o\librdi_commonmain.dll
0x00007ff893600000 - 0x00007ff894a31000 	C:\Xilinx\Vivado\2022.2\lib\win64.o\librdi_common.dll
0x00007ff8e6730000 - 0x00007ff8e6751000 	C:\Xilinx\Vivado\2022.2\lib\win64.o\libboost_filesystem.dll
0x00007ff8f2ee0000 - 0x00007ff8f2f8e000 	C:\Windows\System32\ADVAPI32.dll
0x00007ff8f2c80000 - 0x00007ff8f2d1e000 	C:\Windows\System32\msvcrt.dll
0x00007ff8f2290000 - 0x00007ff8f232c000 	C:\Windows\System32\sechost.dll
0x00007ff8f2db0000 - 0x00007ff8f2ed5000 	C:\Windows\System32\RPCRT4.dll
0x00007ff8eaff0000 - 0x00007ff8eaff9000 	C:\Xilinx\Vivado\2022.2\lib\win64.o\librdi_commonversion.dll
0x00007ff8f20e0000 - 0x00007ff8f2281000 	C:\Windows\System32\USER32.dll
0x00007ff8f0970000 - 0x00007ff8f0992000 	C:\Windows\System32\win32u.dll
0x00007ff8f2880000 - 0x00007ff8f28ab000 	C:\Windows\System32\GDI32.dll
0x00007ff8f0f00000 - 0x00007ff8f100f000 	C:\Windows\System32\gdi32full.dll
0x00007ff8f0840000 - 0x00007ff8f08dd000 	C:\Windows\System32\msvcp_win.dll
0x00007ff8f1350000 - 0x00007ff8f1a95000 	C:\Windows\System32\SHELL32.dll
0x00007ff8f0c80000 - 0x00007ff8f0ce9000 	C:\Windows\System32\WINTRUST.dll
0x00007ff8f11c0000 - 0x00007ff8f122b000 	C:\Windows\System32\WS2_32.dll
0x00007ff8f07c0000 - 0x00007ff8f07e7000 	C:\Windows\System32\bcrypt.dll
0x000000005f0c0000 - 0x000000005f1eb000 	C:\Xilinx\Vivado\2022.2\lib\win64.o\tcl85t.dll
0x00007ff8957f0000 - 0x00007ff895b5e000 	C:\Xilinx\Vivado\2022.2\lib\win64.o\libCOIN-all.dll
0x00007ff8e7690000 - 0x00007ff8e76a1000 	C:\Xilinx\Vivado\2022.2\lib\win64.o\libboost_date_time.dll
0x00007ff8965d0000 - 0x00007ff896785000 	C:\Xilinx\Vivado\2022.2\lib\win64.o\librdi_commonxillic.dll
0x00007ff8c2ff0000 - 0x00007ff8c3069000 	C:\Xilinx\Vivado\2022.2\lib\win64.o\libboost_program_options.dll
0x00007ff8b2890000 - 0x00007ff8b29a4000 	C:\Xilinx\Vivado\2022.2\lib\win64.o\libboost_regex.dll
0x00007ff8e6770000 - 0x00007ff8e678c000 	C:\Xilinx\Vivado\2022.2\lib\win64.o\libboost_thread.dll
0x00007ff8c2f60000 - 0x00007ff8c2fe2000 	C:\Xilinx\Vivado\2022.2\lib\win64.o\libhdlpsolve.dll
0x00007ff8b6320000 - 0x00007ff8b63c5000 	C:\Xilinx\Vivado\2022.2\lib\win64.o\libhdxml.dll
0x00007ff8dfa20000 - 0x00007ff8dfa4a000 	C:\Xilinx\Vivado\2022.2\lib\win64.o\libisl_sysinfo.dll
0x00007ff8e6a10000 - 0x00007ff8e6a1c000 	C:\Xilinx\Vivado\2022.2\lib\win64.o\libboost_xilinx.dll
0x00007ff8e6170000 - 0x00007ff8e618a000 	C:\Xilinx\Vivado\2022.2\lib\win64.o\pthreadVC2.dll
0x00007ff892680000 - 0x00007ff8935fd200 	C:\Xilinx\Vivado\2022.2\lib\win64.o\libisl_iostreams.dll
0x00007ff8c24b0000 - 0x00007ff8c2515000 	C:\Xilinx\Vivado\2022.2\lib\win64.o\liblmx6.0.dll
0x00007ff8dcbe0000 - 0x00007ff8dcbfc000 	C:\Xilinx\Vivado\2022.2\lib\win64.o\librdiconfig.dll
0x00007ff8f1b00000 - 0x00007ff8f1b55000 	C:\Windows\System32\SHLWAPI.dll
0x00007ff8db680000 - 0x00007ff8db699000 	C:\Windows\SYSTEM32\NETAPI32.dll
0x00007ff8cfd60000 - 0x00007ff8d0239000 	C:\Windows\SYSTEM32\WININET.dll
0x00007ff8c85e0000 - 0x00007ff8c8601000 	C:\Xilinx\Vivado\2022.2\lib\win64.o\librdizlib.dll
0x00007ff8e8c80000 - 0x00007ff8e8d8c000 	C:\Windows\SYSTEM32\WINHTTP.dll
0x00007ff8e5c60000 - 0x00007ff8e5e4c000 	C:\Windows\SYSTEM32\urlmon.dll
0x00007ff8dcab0000 - 0x00007ff8dcab9000 	C:\Windows\SYSTEM32\WSOCK32.dll
0x00007ff8c5480000 - 0x00007ff8c54b1000 	C:\Windows\SYSTEM32\VCOMP140.DLL
0x00007ff895520000 - 0x00007ff8957e1000 	C:\Xilinx\Vivado\2022.2\lib\win64.o\xerces-c_3_2.dll
0x00007ff895200000 - 0x00007ff895516000 	C:\Xilinx\Vivado\2022.2\lib\win64.o\libXil_lmgr11.dll
0x00007ff8f1b60000 - 0x00007ff8f1c3a000 	C:\Windows\System32\COMDLG32.dll
0x00007ff8f2520000 - 0x00007ff8f2875000 	C:\Windows\System32\combase.dll
0x00007ff8f2a20000 - 0x00007ff8f2acd000 	C:\Windows\System32\shcore.dll
0x00007ff8f2450000 - 0x00007ff8f251d000 	C:\Windows\System32\OLEAUT32.dll
0x00007ff8f28b0000 - 0x00007ff8f29da000 	C:\Windows\System32\ole32.dll
0x00007ff8dcbc0000 - 0x00007ff8dcbd8000 	C:\Xilinx\Vivado\2022.2\lib\win64.o\libboost_iostreams.dll
0x00007ff8f0cf0000 - 0x00007ff8f0e46000 	C:\Windows\System32\CRYPT32.dll
0x00007ff8de890000 - 0x00007ff8deb41000 	C:\Windows\SYSTEM32\iertutil.dll
0x00007ff8ddfd0000 - 0x00007ff8ddff8000 	C:\Windows\SYSTEM32\srvcli.dll
0x00007ff8efb60000 - 0x00007ff8efb6c000 	C:\Windows\SYSTEM32\netutils.dll
0x00007ff8e5b90000 - 0x00007ff8e5c40000 	C:\Windows\WinSxS\amd64_microsoft.windows.common-controls_6595b64144ccf1df_5.82.19041.1110_none_792d1c772443f647\COMCTL32.dll
0x00007ff8ea7c0000 - 0x00007ff8ea7dd000 	C:\Windows\SYSTEM32\dhcpcsvc.DLL
0x00007ff82b1c0000 - 0x00007ff82d0d7000 	C:\Xilinx\Vivado\2022.2\lib\win64.o\gurobi90.dll
0x00007ff8f1aa0000 - 0x00007ff8f1af6000 	C:\Windows\System32\WLDAP32.dll
0x00007ff8f1340000 - 0x00007ff8f1348000 	C:\Windows\System32\Normaliz.dll
0x00007ff8f05c0000 - 0x00007ff8f05ee000 	C:\Windows\SYSTEM32\USERENV.dll
0x00007ff8c4d20000 - 0x00007ff8c4d44000 	C:\Xilinx\Vivado\2022.2\lib\win64.o\libisl_iosutils.dll
0x00007ff8efe80000 - 0x00007ff8efeea000 	C:\Windows\SYSTEM32\MSWSOCK.DLL
0x00007ff8f29e0000 - 0x00007ff8f2a12000 	C:\Windows\System32\IMM32.DLL
0x00007ff8f02b0000 - 0x00007ff8f02c2000 	C:\Windows\SYSTEM32\MSASN1.dll
0x00007ff8f0070000 - 0x00007ff8f0088000 	C:\Windows\SYSTEM32\CRYPTSP.dll
0x00007ff8ef730000 - 0x00007ff8ef764000 	C:\Windows\system32\rsaenh.dll
0x00007ff8f0090000 - 0x00007ff8f009c000 	C:\Windows\SYSTEM32\CRYPTBASE.dll
0x00007ff8f08e0000 - 0x00007ff8f0962000 	C:\Windows\System32\bcryptPrimitives.dll
0x00007ff8f1c40000 - 0x00007ff8f1c5d000 	C:\Windows\System32\imagehlp.dll
0x00007ff8ee5a0000 - 0x00007ff8ee5b2000 	C:\Windows\SYSTEM32\kernel.appcore.dll
0x00007ff845aa0000 - 0x00007ff845fd3000 	C:\Xilinx\Vivado\2022.2\lib\win64.o\librdi_commontasks.dll
0x00007ff8eab90000 - 0x00007ff8eab9a000 	C:\Windows\SYSTEM32\VERSION.dll
0x00007ff830b50000 - 0x00007ff83169d000 	C:\Xilinx\Vivado\2022.2\tps\win64\jre11.0.11_9\bin\server\jvm.dll
0x00007ff8f1c60000 - 0x00007ff8f1c68000 	C:\Windows\System32\PSAPI.DLL
0x00007ff8e82e0000 - 0x00007ff8e8307000 	C:\Windows\SYSTEM32\WINMM.dll
0x00007ff83fae0000 - 0x00007ff83fe05a00 	C:\Xilinx\Vivado\2022.2\lib\win64.o\librdi_sio.dll
0x00007ff8efb20000 - 0x00007ff8efb5b000 	C:\Windows\SYSTEM32\IPHLPAPI.DLL
0x00007ff8f0580000 - 0x00007ff8f05b2000 	C:\Windows\SYSTEM32\SspiCli.dll
0x00007ff8d9950000 - 0x00007ff8d9967000 	C:\Windows\system32\napinsp.dll
0x00007ff8d9910000 - 0x00007ff8d992b000 	C:\Windows\system32\pnrpnsp.dll
0x00007ff8d9880000 - 0x00007ff8d9895000 	C:\Windows\system32\wshbth.dll
0x00007ff8ec080000 - 0x00007ff8ec09d000 	C:\Windows\system32\NLAapi.dll
0x00007ff8efb70000 - 0x00007ff8efc3b000 	C:\Windows\SYSTEM32\DNSAPI.dll
0x00007ff8f2b30000 - 0x00007ff8f2b38000 	C:\Windows\System32\NSI.dll
0x00007ff8d64d0000 - 0x00007ff8d64e2000 	C:\Windows\System32\winrnr.dll
0x00007ff8ee7a0000 - 0x00007ff8eef32000 	C:\Windows\SYSTEM32\windows.storage.dll
0x00007ff8f0120000 - 0x00007ff8f0150000 	C:\Windows\SYSTEM32\Wldp.dll
0x00007ff819df0000 - 0x00007ff81cb15000 	C:\Xilinx\Vivado\2022.2\lib\win64.o\librdi_tcltasks.dll
0x00007ff8bf5d0000 - 0x00007ff8bf614000 	C:\Xilinx\Vivado\2022.2\lib\win64.o\libboost_serialization.dll
0x00007ff8b2740000 - 0x00007ff8b27c0000 	C:\Xilinx\Vivado\2022.2\lib\win64.o\librdi_boarddep.dll
0x00007ff892470000 - 0x00007ff892672000 	C:\Xilinx\Vivado\2022.2\lib\win64.o\librdi_chipscopeimpl.dll
0x00007ff86fa00000 - 0x00007ff86fbe3000 	C:\Xilinx\Vivado\2022.2\lib\win64.o\librdi_board.dll
0x00007ff83f350000 - 0x00007ff83f82d000 	C:\Xilinx\Vivado\2022.2\lib\win64.o\librdi_bitstream.dll
0x00007ff8964a0000 - 0x00007ff8965c7000 	C:\Xilinx\Vivado\2022.2\lib\win64.o\librdi_chipscope.dll
0x00007ff870040000 - 0x00007ff8701a5000 	C:\Xilinx\Vivado\2022.2\lib\win64.o\librdi_containers.dll
0x00007ff817bc0000 - 0x00007ff819dec000 	C:\Xilinx\Vivado\2022.2\lib\win64.o\librdi_constraints.dll
0x00007ff8155d0000 - 0x00007ff817bb5000 	C:\Xilinx\Vivado\2022.2\lib\win64.o\librdi_coregen.dll
0x00007ff8135c0000 - 0x00007ff8155cd000 	C:\Xilinx\Vivado\2022.2\lib\win64.o\librdi_designutils.dll
0x00007ff829cd0000 - 0x00007ff82b1b5000 	C:\Xilinx\Vivado\2022.2\lib\win64.o\librdi_device.dll
0x00007ff8304b0000 - 0x00007ff830b45000 	C:\Xilinx\Vivado\2022.2\lib\win64.o\librdi_filemgmt.dll
0x00007ff83efc0000 - 0x00007ff83f343000 	C:\Xilinx\Vivado\2022.2\lib\win64.o\librdi_dlyest.dll
0x00007ff8bed30000 - 0x00007ff8bed9b000 	C:\Xilinx\Vivado\2022.2\lib\win64.o\librdi_hdf.dll
0x00007ff86f940000 - 0x00007ff86f9f4000 	C:\Xilinx\Vivado\2022.2\lib\win64.o\librdi_dsp.dll
0x00007ff82f630000 - 0x00007ff82fd0b000 	C:\Xilinx\Vivado\2022.2\lib\win64.o\librdi_drc.dll
0x00007ff8126a0000 - 0x00007ff8135bb000 	C:\Xilinx\Vivado\2022.2\lib\win64.o\librdi_implflow.dll
0x00007ff82f300000 - 0x00007ff82f62b000 	C:\Xilinx\Vivado\2022.2\lib\win64.o\librdi_guitools.dll
0x00007ff85d4e0000 - 0x00007ff85d627000 	C:\Xilinx\Vivado\2022.2\lib\win64.o\librdi_hip_perf_analysis.dll
0x00007ff85cb50000 - 0x00007ff85ce0d000 	C:\Xilinx\Vivado\2022.2\lib\win64.o\librdi_hip_devdesign.dll
0x00007ff895180000 - 0x00007ff8951fd000 	C:\Xilinx\Vivado\2022.2\lib\win64.o\librdi_memoryarray.dll
0x00007ff802880000 - 0x00007ff8036b3000 	C:\Xilinx\Vivado\2022.2\lib\win64.o\librdi_ippcw.dll
0x00007ff8020d0000 - 0x00007ff802871000 	C:\Xilinx\Vivado\2022.2\lib\win64.o\librdi_lopt.dll
0x00007ff801a70000 - 0x00007ff8020c5000 	C:\Xilinx\Vivado\2022.2\lib\win64.o\librdi_memdata.dll
0x00007ff896440000 - 0x00007ff89649b000 	C:\Xilinx\Vivado\2022.2\lib\win64.o\librdi_pfi.dll
0x00007ff801300000 - 0x00007ff801a6d000 	C:\Xilinx\Vivado\2022.2\lib\win64.o\librdi_netlist.dll
0x00007ffffd720000 - 0x00007ffffffe5000 	C:\Xilinx\Vivado\2022.2\lib\win64.o\librdi_mig.dll
0x00007ff800b90000 - 0x00007ff8012f7000 	C:\Xilinx\Vivado\2022.2\lib\win64.o\librdi_project.dll
0x00007ff800720000 - 0x00007ff800b90000 	C:\Xilinx\Vivado\2022.2\lib\win64.o\librdi_platform.dll
0x00007ffffcdd0000 - 0x00007ffffd720000 	C:\Xilinx\Vivado\2022.2\lib\win64.o\librdi_rsb.dll
0x00007ffff9cb0000 - 0x00007ffffcdd0000 	C:\Xilinx\Vivado\2022.2\lib\win64.o\librdi_place.dll
0x00007ff845980000 - 0x00007ff845a99000 	C:\Xilinx\Vivado\2022.2\lib\win64.o\librdi_runsbase.dll
0x00007ffff93d0000 - 0x00007ffff9ca4000 	C:\Xilinx\Vivado\2022.2\lib\win64.o\librdi_power.dll
0x00007ff892410000 - 0x00007ff892468000 	C:\Xilinx\Vivado\2022.2\lib\win64.o\librdi_schedmon.dll

dbghelp: loaded successfully - version: 4.0.5 - missing functions: none
symbol engine: initialized successfully - sym options: 0x614 - pdb path: .;C:\Xilinx\Vivado\2022.2\bin\unwrapped\win64.o;C:\Windows\SYSTEM32;C:\Xilinx\Vivado\2022.2\lib\win64.o;C:\Windows\WinSxS\amd64_microsoft.windows.common-controls_6595b64144ccf1df_5.82.19041.1110_none_792d1c772443f647;C:\Xilinx\Vivado\2022.2\tps\win64\jre11.0.11_9\bin\server;C:\Xilinx\Vivado\2022.2\tps\win64\python-3.8.3;C:\Xilinx\Vivado\2022.2\tps\win64\jre11.0.11_9\bin;C:\Windows\WinSxS\amd64_microsoft.windows.common-controls_6595b64144ccf1df_6.0.19041.1110_none_60b5254171f9507e;C:\Program Files\Norton Security\Engine\22.23.1.21;C:\Windows\WinSxS\amd64_microsoft.windows.gdiplus_6595b64144ccf1df_1.1.19041.2251_none_91a40448cc8846c1

VM Arguments:
jvm_args: -Dsun.java2d.pmoffscreen=false -Dhttps.protocols=TLSv1,TLSv1.1,TLSv1.2 -Dsun.java2d.xrender=false -Dsun.java2d.d3d=false -Dsun.awt.nopixfmt=true -Dsun.java2d.dpiaware=true -Dsun.java2d.uiScale.enabled=false -Xverify:none -Dswing.aatext=true -XX:-UsePerfData -Djdk.map.althashing.threshold=512 -XX:StringTableSize=4072 --add-opens=java.desktop/com.sun.awt=ALL-UNNAMED --add-opens=java.desktop/javax.swing.plaf.synth=ALL-UNNAMED --add-opens=java.base/java.nio=ALL-UNNAMED --add-opens=java.desktop/sun.swing=ALL-UNNAMED --add-opens=java.desktop/javax.swing=ALL-UNNAMED --add-opens=java.desktop/javax.swing.tree=ALL-UNNAMED --add-opens=java.desktop/javax.swing.plaf.basic=ALL-UNNAMED --add-opens=java.desktop/javax.swing.plaf.synth=ALL-UNNAMED --add-opens=java.desktop/javax.swing.plaf.basic=ALL-UNNAMED --add-opens=java.desktop/javax.swing=ALL-UNNAMED --add-opens=java.desktop/javax.swing.tree=ALL-UNNAMED --add-opens=java.desktop/java.awt.event=ALL-UNNAMED --add-exports=java.desktop/javax.swing.plaf.synth=ALL-UNNAMED --add-exports=java.base/java.nio=ALL-UNNAMED --add-exports=java.desktop/sun.swing=ALL-UNNAMED --add-exports=java.desktop/javax.swing=ALL-UNNAMED --add-exports=java.desktop/javax.swing.tree=ALL-UNNAMED --add-exports=java.desktop/javax.swing.plaf.basic=ALL-UNNAMED --add-exports=java.desktop/sun.swing=ALL-UNNAMED --add-exports=java.desktop/sun.swing.table=ALL-UNNAMED --add-exports=java.desktop/sun.swing.plaf.synth=ALL-UNNAMED --add-exports=java.desktop/sun.awt.shell=ALL-UNNAMED --add-exports=java.base/sun.security.action=ALL-UNNAMED --add-exports=java.desktop/sun.font=ALL-UNNAMED -XX:NewSize=60m -XX:MaxNewSize=60m -Xms256m -Xmx3072m -Xss5m 
java_command: <unknown>
java_class_path (initial): C:/Xilinx/Vivado/2022.2\lib\classes\alloy.jar;C:/Xilinx/Vivado/2022.2\lib\classes\asm-9.3.jar;C:/Xilinx/Vivado/2022.2\lib\classes\asm-analysis-9.3.jar;C:/Xilinx/Vivado/2022.2\lib\classes\asm-commons-9.3.jar;C:/Xilinx/Vivado/2022.2\lib\classes\asm-tree-9.3.jar;C:/Xilinx/Vivado/2022.2\lib\classes\autoesl-models.jar;C:/Xilinx/Vivado/2022.2\lib\classes\batik-anim.jar;C:/Xilinx/Vivado/2022.2\lib\classes\batik-awt-util.jar;C:/Xilinx/Vivado/2022.2\lib\classes\batik-bridge.jar;C:/Xilinx/Vivado/2022.2\lib\classes\batik-codec.jar;C:/Xilinx/Vivado/2022.2\lib\classes\batik-css.jar;C:/Xilinx/Vivado/2022.2\lib\classes\batik-dom.jar;C:/Xilinx/Vivado/2022.2\lib\classes\batik-ext.jar;C:/Xilinx/Vivado/2022.2\lib\classes\batik-gui-util.jar;C:/Xilinx/Vivado/2022.2\lib\classes\batik-gvt.jar;C:/Xilinx/Vivado/2022.2\lib\classes\batik-parser.jar;C:/Xilinx/Vivado/2022.2\lib\classes\batik-script.jar;C:/Xilinx/Vivado/2022.2\lib\classes\batik-svg-dom.jar;C:/Xilinx/Vivado/2022.2\lib\classes\batik-svggen.jar;C:/Xilinx/Vivado/2022.2\lib\classes\batik-swing.jar;C:/Xilinx/Vivado/2022.2\lib\classes\batik-transcoder.jar;C:/Xilinx/Vivado/2022.2\lib\classes\batik-util.jar;C:/Xilinx/Vivado/2022.2\lib\classes\batik-xml.jar;C:/Xilinx/Vivado/2022.2\lib\classes\com.fasterxml.jackson.core.jackson-annotations_2.12.1.v20210128-1726.jar;C:/Xilinx/Vivado/2022.2\lib\classes\com.fasterxml.jackson.core.jackson-core_2.12.1.v20210128-1726.jar;C:/Xilinx/Vivado/2022.2\lib\classes\com.fasterxml.jackson.core.jackson-databind_2.12.1.v20210128-1726.jar;C:/Xilinx/Vivado/2022.2\lib\classes\com.google.gson_2.8.7.v20210624-1215.jar;C:/Xilinx/Vivado/2022.2\lib\classes\com.google.guava_30.1.0.v20210127-2300.jar;C:/Xilinx/Vivado/2022.2\lib\classes\com.sigasi.hdt.connection_4.15.0.202201101137.jar;C:/Xilinx/Vivado/2022.2\lib\classes\com.sigasi.hdt.epl_4.15.0.202201101137.jar;C:/Xilinx/Vivado/2022.2\lib\classes\com.sigasi.hdt.project_4.15.0.202201101137.jar;C:/Xilinx/Vivado/2022.2\lib\classes\com.sigasi
Launcher Type: generic

[Global flags]
     bool BytecodeVerificationLocal                = false                                     {product} {command line}
     bool BytecodeVerificationRemote               = false                                     {product} {command line}
     intx CICompilerCount                          = 4                                         {product} {ergonomic}
     uint ConcGCThreads                            = 3                                         {product} {ergonomic}
     uint G1ConcRefinementThreads                  = 10                                        {product} {ergonomic}
   size_t G1HeapRegionSize                         = 1048576                                   {product} {ergonomic}
    uintx GCDrainStackTargetSize                   = 64                                        {product} {ergonomic}
   size_t InitialHeapSize                          = 268435456                                 {product} {command line}
   size_t MarkStackSize                            = 4194304                                   {product} {ergonomic}
   size_t MaxHeapSize                              = 3221225472                                {product} {command line}
   size_t MaxNewSize                               = 62914560                                  {product} {command line}
   size_t MinHeapDeltaBytes                        = 1048576                                   {product} {ergonomic}
   size_t NewSize                                  = 62914560                                  {product} {command line}
    uintx NonNMethodCodeHeapSize                   = 5836300                                {pd product} {ergonomic}
    uintx NonProfiledCodeHeapSize                  = 122910970                              {pd product} {ergonomic}
    uintx ProfiledCodeHeapSize                     = 122910970                              {pd product} {ergonomic}
    uintx ReservedCodeCacheSize                    = 251658240                              {pd product} {ergonomic}
     bool SegmentedCodeCache                       = true                                      {product} {ergonomic}
    uintx StringTableSize                          = 4072                                      {product} {command line}
     intx ThreadStackSize                          = 5120                                   {pd product} {command line}
     bool UseCompressedClassPointers               = true                                 {lp64_product} {ergonomic}
     bool UseCompressedOops                        = true                                 {lp64_product} {ergonomic}
     bool UseG1GC                                  = true                                      {product} {ergonomic}
     bool UseLargePagesIndividualAllocation        = false                                  {pd product} {ergonomic}
     bool UsePerfData                              = false                                     {product} {command line}

Logging:
Log output configuration:
 #0: stdout all=warning uptime,level,tags
 #1: stderr all=off uptime,level,tags

Environment Variables:
PATH=C:/Xilinx/Vivado/2022.2\gnuwin\bin;C:/Xilinx/Vivado/2022.2\gnu\microblaze\nt\bin;C:/Xilinx/Vivado/2022.2/bin;C:/Xilinx/Vivado/2022.2/tps/win64/java-cef-95.0.4638.69/bin/lib/win64;C:/Xilinx/Vivado/2022.2/tps/win64/javafx-sdk-11.0.2/lib;C:/Xilinx/Vivado/2022.2/tps/win64/javafx-sdk-11.0.2/bin;C:/Xilinx/Vivado/2022.2/lib/win64.o;C:/Xilinx/Vivado/2022.2/tps/win64/jre11.0.11_9/bin/server;C:/Xilinx/Vivado/2022.2/tps/win64/jre11.0.11_9/bin;C:/Xilinx/Vitis/2022.2/bin;C:/Xilinx/Vivado/2022.2/ids_lite/ISE/bin/nt64;C:/Xilinx/Vivado/2022.2/ids_lite/ISE/lib/nt64;C:/Xilinx/Vitis_HLS/2022.2/bin;C:\Program Files (x86)\Razer Chroma SDK\bin;C:\Program Files\Razer Chroma SDK\bin;C:\Program Files (x86)\Razer\ChromaBroadcast\bin;C:\Program Files\Razer\ChromaBroadcast\bin;C:\Windows\system32;C:\Windows;C:\Windows\System32\Wbem;C:\Windows\System32\WindowsPowerShell\v1.0\;C:\Windows\System32\OpenSSH\;C:\Program Files\NVIDIA Corporation\NVIDIA NvDLISR;C:\Program Files (x86)\NVIDIA Corporation\PhysX\Common;C:\Users\alope\AppData\Local\Microsoft\WindowsApps;C:\Program Files\Git\cmd;C:\Users\alope\anaconda3;C:\Users\alope\anaconda3\Library\mingw-w64\bin;C:\Users\alope\anaconda3\Library\usr\bin;C:\Users\alope\anaconda3\Library\bin;C:\Users\alope\anaconda3\Scripts;C:\OrCAD\OrCAD_16.6_Lite\OpenAccess\bin\win32\opt;C:\OrCAD\OrCAD_16.6_Lite\tools\pcb\bin;C:\OrCAD\OrCAD_16.6_Lite\tools\fet\bin;C:\OrCAD\OrCAD_16.6_Lite\tools\Capture;C:\OrCAD\OrCAD_16.6_Lite\tools\PSpice;C:\OrCAD\OrCAD_16.6_Lite\tools\specctra\bin;C:\OrCAD\OrCAD_16.6_Lite\tools\bin;C:\Users\alope\AppData\Local\Programs\Microsoft VS Code\bin;C:\Users\alope\AppData\Local\Apps\Tcl86\bin;C:/Xilinx/Vivado/2022.2\tps\mingw\6.2.0\win64.o\nt\bin;C:/Xilinx/Vivado/2022.2\tps\mingw\6.2.0\win64.o\nt\libexec\gcc\x86_64-w64-mingw32\6.2.0;C:/Xilinx/Vivado/2022.2\tps\win64\python-3.8.3;C:/Xilinx/Vivado/2022.2\tps\win64\python-3.8.3\bin;C:/Xilinx/Vivado/2022.2\tps\win64\python-3.8.3\lib;C:/Xilinx/Vivado/2022.2\tps\win64\python-3.8.3\lib\site-packages
USERNAME=alope
OS=Windows_NT
PROCESSOR_IDENTIFIER=AMD64 Family 23 Model 113 Stepping 0, AuthenticAMD



---------------  S Y S T E M  ---------------

OS: Windows 10 , 64 bit Build 19041 (10.0.19041.2546)
OS uptime: 10 days 1:51 hours

CPU:total 12 (initial active 12) (12 cores per cpu, 2 threads per core) family 23 model 113 stepping 0 microcode 0x0, cmov, cx8, fxsr, mmx, sse, sse2, sse3, ssse3, sse4.1, sse4.2, popcnt, avx, avx2, aes, clmul, mmxext, 3dnowpref, lzcnt, sse4a, ht, tsc, tscinvbit, tscinv, bmi1, bmi2, adx,

Memory: 4k page, system-wide physical 32682M (18186M free)
TotalPageFile size 37546M (AvailPageFile size 17707M)
current process WorkingSet (physical memory assigned to process): 1137M, peak: 1139M
current process commit charge ("private bytes"): 1201M, peak: 1225M

vm_info: OpenJDK 64-Bit Server VM (11.0.11+9) for windows-amd64 JRE (11.0.11+9), built on Apr  9 2021 19:32:08 by "" with MS VC++ 15.5 (VS2017)

END.
